[ 2016-06-30T14:55:23+08:00 ] 127.0.0.1 /
INFO: [ app_init ] --START--
INFO: Run Behavior\BuildLiteBehavior [ RunTime:0.000028s ]
INFO: [ app_init ] --END-- [ RunTime:0.000545s ]
INFO: [ app_begin ] --START--
INFO: Run Behavior\ReadHtmlCacheBehavior [ RunTime:0.000630s ]
INFO: [ app_begin ] --END-- [ RunTime:0.000762s ]
SQL: SHOW COLUMNS FROM `ad_config` [ RunTime:0.0165s ]
SQL: SELECT * FROM `ad_config`  [ RunTime:0.0005s ]
INFO: [ view_parse ] --START--
NOTIC: [8] Undefined index: catid D:\wamp\www\qric\tp\QRIC\Yunwan\Common\TagLib\Adsousou.class.php 第 51 行.
NOTIC: [8] Undefined index: subcat D:\wamp\www\qric\tp\QRIC\Yunwan\Common\TagLib\Adsousou.class.php 第 78 行.
NOTIC: [8] Undefined index: catid D:\wamp\www\qric\tp\QRIC\Yunwan\Common\TagLib\Adsousou.class.php 第 51 行.
NOTIC: [8] Undefined index: subcat D:\wamp\www\qric\tp\QRIC\Yunwan\Common\TagLib\Adsousou.class.php 第 78 行.
NOTIC: [8] Undefined index: catid D:\wamp\www\qric\tp\QRIC\Yunwan\Common\TagLib\Adsousou.class.php 第 51 行.
NOTIC: [8] Undefined index: num D:\wamp\www\qric\tp\QRIC\Yunwan\Common\TagLib\Adsousou.class.php 第 53 行.
NOTIC: [8] Undefined index: subcat D:\wamp\www\qric\tp\QRIC\Yunwan\Common\TagLib\Adsousou.class.php 第 78 行.
NOTIC: [8] Undefined index: catid D:\wamp\www\qric\tp\QRIC\Yunwan\Common\TagLib\Adsousou.class.php 第 51 行.
NOTIC: [8] Undefined index: num D:\wamp\www\qric\tp\QRIC\Yunwan\Common\TagLib\Adsousou.class.php 第 53 行.
NOTIC: [8] Undefined index: subcat D:\wamp\www\qric\tp\QRIC\Yunwan\Common\TagLib\Adsousou.class.php 第 78 行.
NOTIC: [8] Undefined index: subcat D:\wamp\www\qric\tp\QRIC\Yunwan\Common\TagLib\Adsousou.class.php 第 78 行.
NOTIC: [8] Undefined index: subcat D:\wamp\www\qric\tp\QRIC\Yunwan\Common\TagLib\Adsousou.class.php 第 78 行.
NOTIC: [8] Undefined index: subcat D:\wamp\www\qric\tp\QRIC\Yunwan\Common\TagLib\Adsousou.class.php 第 78 行.
NOTIC: [8] Undefined index: subcat D:\wamp\www\qric\tp\QRIC\Yunwan\Common\TagLib\Adsousou.class.php 第 78 行.
NOTIC: [8] Undefined index: subcat D:\wamp\www\qric\tp\QRIC\Yunwan\Common\TagLib\Adsousou.class.php 第 78 行.
NOTIC: [8] Undefined index: subcat D:\wamp\www\qric\tp\QRIC\Yunwan\Common\TagLib\Adsousou.class.php 第 78 行.
NOTIC: [8] Undefined index: subcat D:\wamp\www\qric\tp\QRIC\Yunwan\Common\TagLib\Adsousou.class.php 第 78 行.
NOTIC: [8] Undefined index: subcat D:\wamp\www\qric\tp\QRIC\Yunwan\Common\TagLib\Adsousou.class.php 第 78 行.
NOTIC: [8] Undefined index: subcat D:\wamp\www\qric\tp\QRIC\Yunwan\Common\TagLib\Adsousou.class.php 第 78 行.
NOTIC: [8] Undefined index: subcat D:\wamp\www\qric\tp\QRIC\Yunwan\Common\TagLib\Adsousou.class.php 第 78 行.
NOTIC: [8] Undefined index: subcat D:\wamp\www\qric\tp\QRIC\Yunwan\Common\TagLib\Adsousou.class.php 第 78 行.
NOTIC: [8] Undefined index: subcat D:\wamp\www\qric\tp\QRIC\Yunwan\Common\TagLib\Adsousou.class.php 第 78 行.
NOTIC: [8] Undefined index: subcat D:\wamp\www\qric\tp\QRIC\Yunwan\Common\TagLib\Adsousou.class.php 第 78 行.
NOTIC: [8] Undefined index: subcat D:\wamp\www\qric\tp\QRIC\Yunwan\Common\TagLib\Adsousou.class.php 第 78 行.
NOTIC: [8] Undefined index: subcat D:\wamp\www\qric\tp\QRIC\Yunwan\Common\TagLib\Adsousou.class.php 第 78 行.
INFO: [ template_filter ] --START--
INFO: Run Behavior\ContentReplaceBehavior [ RunTime:0.000803s ]
INFO: [ template_filter ] --END-- [ RunTime:0.000926s ]
NOTIC: [8] Undefined variable: seo_title D:\wamp\www\qric\tp\QRIC\Runtime\Cache\Home\55a6d3006f5d935543f1122a52ea2906.php 第 6 行.
NOTIC: [8] Undefined variable: infos D:\wamp\www\qric\tp\QRIC\Runtime\Cache\Home\55a6d3006f5d935543f1122a52ea2906.php 第 48 行.
NOTIC: [8] Undefined variable: city D:\wamp\www\qric\tp\QRIC\Runtime\Cache\Home\55a6d3006f5d935543f1122a52ea2906.php 第 57 行.
NOTIC: [8] Undefined variable: text D:\wamp\www\qric\tp\QRIC\Runtime\Cache\Home\55a6d3006f5d935543f1122a52ea2906.php 第 71 行.
NOTIC: [8] Undefined variable: articleclass D:\wamp\www\qric\tp\QRIC\Runtime\Cache\Home\55a6d3006f5d935543f1122a52ea2906.php 第 86 行.
NOTIC: [8] Undefined variable: nav_list D:\wamp\www\qric\tp\QRIC\Runtime\Cache\Home\55a6d3006f5d935543f1122a52ea2906.php 第 145 行.
SQL: SHOW COLUMNS FROM `ad_article` [ RunTime:0.0041s ]
SQL: SELECT COUNT(*) AS tp_count FROM `ad_article` WHERE `status` = 1 AND (  thumb!='' && FIND_IN_SET("2",posid) ) AND `cityen` = '' LIMIT 1   [ RunTime:0.0154s ]
SQL: SELECT * FROM `ad_article` WHERE `status` = 1 AND (  thumb!='' && FIND_IN_SET("2",posid) ) AND `cityen` = '' ORDER BY sort desc,id desc LIMIT 0,3   [ RunTime:0.0057s ]
SQL: SELECT COUNT(*) AS tp_count FROM `ad_article` WHERE `status` = 1 AND (  thumb!='' && FIND_IN_SET("2",posid) ) AND `cityen` = '' LIMIT 1   [ RunTime:0.0003s ]
SQL: SELECT * FROM `ad_article` WHERE `status` = 1 AND (  thumb!='' && FIND_IN_SET("2",posid) ) AND `cityen` = '' ORDER BY id desc LIMIT 0,3   [ RunTime:0.0004s ]
SQL: SELECT COUNT(*) AS tp_count FROM `ad_article` WHERE `status` = 1 AND (  thumb!='' && FIND_IN_SET("2",posid) ) AND `cityen` = '' LIMIT 1   [ RunTime:0.0003s ]
SQL: SELECT * FROM `ad_article` WHERE `status` = 1 AND (  thumb!='' && FIND_IN_SET("2",posid) ) AND `cityen` = '' ORDER BY id desc LIMIT 0,1   [ RunTime:0.0004s ]
SQL: SELECT COUNT(*) AS tp_count FROM `ad_article` WHERE `status` = 1 AND (  thumb!='' && FIND_IN_SET("2",posid) ) AND `cityen` = '' LIMIT 1   [ RunTime:0.0003s ]
SQL: SELECT * FROM `ad_article` WHERE `status` = 1 AND (  thumb!='' && FIND_IN_SET("2",posid) ) AND `cityen` = '' ORDER BY id desc LIMIT 1,8   [ RunTime:0.0004s ]
SQL: SHOW COLUMNS FROM `ad_article_class` [ RunTime:0.0050s ]
SQL: SELECT * FROM `ad_article_class` WHERE `pid` IN ('1')  [ RunTime:0.0004s ]
SQL: SELECT COUNT(*) AS tp_count FROM `ad_article` WHERE `catid` IN ('1') AND `status` = 1 AND `cityen` = '' LIMIT 1   [ RunTime:0.0003s ]
SQL: SELECT * FROM `ad_article` WHERE `catid` IN ('1') AND `status` = 1 AND `cityen` = '' ORDER BY id desc LIMIT 0,8   [ RunTime:0.0003s ]
SQL: SELECT * FROM `ad_article_class` WHERE `pid` IN ('2')  [ RunTime:0.0003s ]
SQL: SELECT COUNT(*) AS tp_count FROM `ad_article` WHERE `catid` IN ('2') AND `status` = 1 AND `cityen` = '' LIMIT 1   [ RunTime:0.0003s ]
SQL: SELECT * FROM `ad_article` WHERE `catid` IN ('2') AND `status` = 1 AND `cityen` = '' ORDER BY id desc LIMIT 0,8   [ RunTime:0.0003s ]
SQL: SELECT * FROM `ad_article_class` WHERE `pid` IN ('3')  [ RunTime:0.0003s ]
SQL: SELECT COUNT(*) AS tp_count FROM `ad_article` WHERE `catid` IN ('3') AND `status` = 1 AND `cityen` = '' LIMIT 1   [ RunTime:0.0002s ]
SQL: SELECT * FROM `ad_article` WHERE `catid` IN ('3') AND `status` = 1 AND `cityen` = '' ORDER BY id desc LIMIT 0,6   [ RunTime:0.0005s ]
SQL: SELECT * FROM `ad_article_class` WHERE `pid` IN ('4')  [ RunTime:0.0003s ]
SQL: SELECT COUNT(*) AS tp_count FROM `ad_article` WHERE `catid` IN ('4') AND `status` = 1 AND `cityen` = '' LIMIT 1   [ RunTime:0.0003s ]
SQL: SELECT * FROM `ad_article` WHERE `catid` IN ('4') AND `status` = 1 AND `cityen` = '' ORDER BY id desc LIMIT 0,6   [ RunTime:0.0003s ]
SQL: SELECT COUNT(*) AS tp_count FROM `ad_article` WHERE `catid` IN ('38') AND `status` = 1 AND `cityen` = '' LIMIT 1   [ RunTime:0.0003s ]
SQL: SELECT * FROM `ad_article` WHERE `catid` IN ('38') AND `status` = 1 AND `cityen` = '' ORDER BY id desc LIMIT 0,1   [ RunTime:0.0004s ]
SQL: SELECT * FROM `ad_article_class` WHERE `pid` IN ('38')  [ RunTime:0.0003s ]
SQL: SELECT COUNT(*) AS tp_count FROM `ad_article` WHERE `catid` IN ('38') AND `status` = 1 AND `cityen` = '' LIMIT 1   [ RunTime:0.0003s ]
SQL: SELECT * FROM `ad_article` WHERE `catid` IN ('38') AND `status` = 1 AND `cityen` = '' ORDER BY id desc LIMIT 0,4   [ RunTime:0.0003s ]
SQL: SELECT COUNT(*) AS tp_count FROM `ad_article` WHERE `catid` IN ('39') AND `status` = 1 AND `cityen` = '' LIMIT 1   [ RunTime:0.0003s ]
SQL: SELECT * FROM `ad_article` WHERE `catid` IN ('39') AND `status` = 1 AND `cityen` = '' ORDER BY id desc LIMIT 0,1   [ RunTime:0.0003s ]
SQL: SELECT * FROM `ad_article_class` WHERE `pid` IN ('39')  [ RunTime:0.0003s ]
SQL: SELECT COUNT(*) AS tp_count FROM `ad_article` WHERE `catid` IN ('39') AND `status` = 1 AND `cityen` = '' LIMIT 1   [ RunTime:0.0003s ]
SQL: SELECT * FROM `ad_article` WHERE `catid` IN ('39') AND `status` = 1 AND `cityen` = '' ORDER BY id desc LIMIT 0,4   [ RunTime:0.0003s ]
SQL: SELECT COUNT(*) AS tp_count FROM `ad_article` WHERE `catid` IN ('40') AND `status` = 1 AND `cityen` = '' LIMIT 1   [ RunTime:0.0003s ]
SQL: SELECT * FROM `ad_article` WHERE `catid` IN ('40') AND `status` = 1 AND `cityen` = '' ORDER BY id desc LIMIT 0,1   [ RunTime:0.0003s ]
SQL: SELECT * FROM `ad_article_class` WHERE `pid` IN ('40')  [ RunTime:0.0003s ]
SQL: SELECT COUNT(*) AS tp_count FROM `ad_article` WHERE `catid` IN ('40') AND `status` = 1 AND `cityen` = '' LIMIT 1   [ RunTime:0.0003s ]
SQL: SELECT * FROM `ad_article` WHERE `catid` IN ('40') AND `status` = 1 AND `cityen` = '' ORDER BY id desc LIMIT 0,4   [ RunTime:0.0003s ]
SQL: SELECT COUNT(*) AS tp_count FROM `ad_article` WHERE `catid` IN ('41') AND `status` = 1 AND `cityen` = '' LIMIT 1   [ RunTime:0.0003s ]
SQL: SELECT * FROM `ad_article` WHERE `catid` IN ('41') AND `status` = 1 AND `cityen` = '' ORDER BY id desc LIMIT 0,1   [ RunTime:0.0003s ]
SQL: SELECT * FROM `ad_article_class` WHERE `pid` IN ('41')  [ RunTime:0.0003s ]
SQL: SELECT COUNT(*) AS tp_count FROM `ad_article` WHERE `catid` IN ('41') AND `status` = 1 AND `cityen` = '' LIMIT 1   [ RunTime:0.0003s ]
SQL: SELECT * FROM `ad_article` WHERE `catid` IN ('41') AND `status` = 1 AND `cityen` = '' ORDER BY id desc LIMIT 0,4   [ RunTime:0.0004s ]
SQL: SELECT COUNT(*) AS tp_count FROM `ad_article` WHERE `catid` IN ('43') AND `status` = 1 AND `cityen` = '' LIMIT 1   [ RunTime:0.0003s ]
SQL: SELECT * FROM `ad_article` WHERE `catid` IN ('43') AND `status` = 1 AND `cityen` = '' ORDER BY id desc LIMIT 0,1   [ RunTime:0.0003s ]
SQL: SELECT * FROM `ad_article_class` WHERE `pid` IN ('43')  [ RunTime:0.0003s ]
SQL: SELECT COUNT(*) AS tp_count FROM `ad_article` WHERE `catid` IN ('43') AND `status` = 1 AND `cityen` = '' LIMIT 1   [ RunTime:0.0003s ]
SQL: SELECT * FROM `ad_article` WHERE `catid` IN ('43') AND `status` = 1 AND `cityen` = '' ORDER BY id desc LIMIT 0,4   [ RunTime:0.0003s ]
SQL: SELECT COUNT(*) AS tp_count FROM `ad_article` WHERE `catid` IN ('44') AND `status` = 1 AND `cityen` = '' LIMIT 1   [ RunTime:0.0002s ]
SQL: SELECT * FROM `ad_article` WHERE `catid` IN ('44') AND `status` = 1 AND `cityen` = '' ORDER BY id desc LIMIT 0,1   [ RunTime:0.0003s ]
SQL: SELECT * FROM `ad_article_class` WHERE `pid` IN ('44')  [ RunTime:0.0003s ]
SQL: SELECT COUNT(*) AS tp_count FROM `ad_article` WHERE `catid` IN ('44') AND `status` = 1 AND `cityen` = '' LIMIT 1   [ RunTime:0.0002s ]
SQL: SELECT * FROM `ad_article` WHERE `catid` IN ('44') AND `status` = 1 AND `cityen` = '' ORDER BY id desc LIMIT 0,4   [ RunTime:0.0003s ]
SQL: SELECT COUNT(*) AS tp_count FROM `ad_article` WHERE `catid` IN ('45') AND `status` = 1 AND `cityen` = '' LIMIT 1   [ RunTime:0.0003s ]
SQL: SELECT * FROM `ad_article` WHERE `catid` IN ('45') AND `status` = 1 AND `cityen` = '' ORDER BY id desc LIMIT 0,1   [ RunTime:0.0003s ]
SQL: SELECT * FROM `ad_article_class` WHERE `pid` IN ('45')  [ RunTime:0.0003s ]
SQL: SELECT COUNT(*) AS tp_count FROM `ad_article` WHERE `catid` IN ('45') AND `status` = 1 AND `cityen` = '' LIMIT 1   [ RunTime:0.0002s ]
SQL: SELECT * FROM `ad_article` WHERE `catid` IN ('45') AND `status` = 1 AND `cityen` = '' ORDER BY id desc LIMIT 0,4   [ RunTime:0.0003s ]
SQL: SELECT COUNT(*) AS tp_count FROM `ad_article` WHERE `catid` IN ('47') AND `status` = 1 AND `cityen` = '' LIMIT 1   [ RunTime:0.0002s ]
SQL: SELECT * FROM `ad_article` WHERE `catid` IN ('47') AND `status` = 1 AND `cityen` = '' ORDER BY id desc LIMIT 0,1   [ RunTime:0.0002s ]
SQL: SELECT * FROM `ad_article_class` WHERE `pid` IN ('47')  [ RunTime:0.0003s ]
SQL: SELECT COUNT(*) AS tp_count FROM `ad_article` WHERE `catid` IN ('47') AND `status` = 1 AND `cityen` = '' LIMIT 1   [ RunTime:0.0003s ]
SQL: SELECT * FROM `ad_article` WHERE `catid` IN ('47') AND `status` = 1 AND `cityen` = '' ORDER BY id desc LIMIT 0,4   [ RunTime:0.0003s ]
SQL: SELECT * FROM `ad_article_class` WHERE `pid` IN ('7')  [ RunTime:0.0003s ]
SQL: SELECT COUNT(*) AS tp_count FROM `ad_article` WHERE `catid` IN ('7') AND `status` = 1 AND `cityen` = '' LIMIT 1   [ RunTime:0.0002s ]
SQL: SELECT * FROM `ad_article` WHERE `catid` IN ('7') AND `status` = 1 AND `cityen` = '' ORDER BY id desc LIMIT 0,8   [ RunTime:0.0002s ]
SQL: SELECT * FROM `ad_article_class` WHERE `pid` IN ('8')  [ RunTime:0.0003s ]
SQL: SELECT COUNT(*) AS tp_count FROM `ad_article` WHERE `catid` IN ('8') AND `status` = 1 AND `cityen` = '' LIMIT 1   [ RunTime:0.0002s ]
SQL: SELECT * FROM `ad_article` WHERE `catid` IN ('8') AND `status` = 1 AND `cityen` = '' ORDER BY id desc LIMIT 0,8   [ RunTime:0.0003s ]
SQL: SELECT COUNT(*) AS tp_count FROM `ad_article` WHERE `catid` IN ('63') AND `status` = 1 AND `cityen` = '' LIMIT 1   [ RunTime:0.0002s ]
SQL: SELECT * FROM `ad_article` WHERE `catid` IN ('63') AND `status` = 1 AND `cityen` = '' ORDER BY id desc LIMIT 0,1   [ RunTime:0.0002s ]
SQL: SELECT * FROM `ad_article_class` WHERE `pid` IN ('63')  [ RunTime:0.0003s ]
SQL: SELECT COUNT(*) AS tp_count FROM `ad_article` WHERE `catid` IN ('63') AND `status` = 1 AND `cityen` = '' LIMIT 1   [ RunTime:0.0003s ]
SQL: SELECT * FROM `ad_article` WHERE `catid` IN ('63') AND `status` = 1 AND `cityen` = '' ORDER BY id desc LIMIT 0,4   [ RunTime:0.0004s ]
SQL: SELECT COUNT(*) AS tp_count FROM `ad_article` WHERE `catid` IN ('64') AND `status` = 1 AND `cityen` = '' LIMIT 1   [ RunTime:0.0003s ]
SQL: SELECT * FROM `ad_article` WHERE `catid` IN ('64') AND `status` = 1 AND `cityen` = '' ORDER BY id desc LIMIT 0,1   [ RunTime:0.0003s ]
SQL: SELECT * FROM `ad_article_class` WHERE `pid` IN ('64')  [ RunTime:0.0003s ]
SQL: SELECT COUNT(*) AS tp_count FROM `ad_article` WHERE `catid` IN ('64') AND `status` = 1 AND `cityen` = '' LIMIT 1   [ RunTime:0.0003s ]
SQL: SELECT * FROM `ad_article` WHERE `catid` IN ('64') AND `status` = 1 AND `cityen` = '' ORDER BY id desc LIMIT 0,4   [ RunTime:0.0003s ]
SQL: SELECT COUNT(*) AS tp_count FROM `ad_article` WHERE `catid` IN ('65') AND `status` = 1 AND `cityen` = '' LIMIT 1   [ RunTime:0.0002s ]
SQL: SELECT * FROM `ad_article` WHERE `catid` IN ('65') AND `status` = 1 AND `cityen` = '' ORDER BY id desc LIMIT 0,1   [ RunTime:0.0003s ]
SQL: SELECT * FROM `ad_article_class` WHERE `pid` IN ('65')  [ RunTime:0.0004s ]
SQL: SELECT COUNT(*) AS tp_count FROM `ad_article` WHERE `catid` IN ('65') AND `status` = 1 AND `cityen` = '' LIMIT 1   [ RunTime:0.0003s ]
SQL: SELECT * FROM `ad_article` WHERE `catid` IN ('65') AND `status` = 1 AND `cityen` = '' ORDER BY id desc LIMIT 0,4   [ RunTime:0.0003s ]
SQL: SELECT COUNT(*) AS tp_count FROM `ad_article` WHERE `catid` IN ('66') AND `status` = 1 AND `cityen` = '' LIMIT 1   [ RunTime:0.0002s ]
SQL: SELECT * FROM `ad_article` WHERE `catid` IN ('66') AND `status` = 1 AND `cityen` = '' ORDER BY id desc LIMIT 0,1   [ RunTime:0.0003s ]
SQL: SELECT * FROM `ad_article_class` WHERE `pid` IN ('66')  [ RunTime:0.0003s ]
SQL: SELECT COUNT(*) AS tp_count FROM `ad_article` WHERE `catid` IN ('66') AND `status` = 1 AND `cityen` = '' LIMIT 1   [ RunTime:0.0003s ]
SQL: SELECT * FROM `ad_article` WHERE `catid` IN ('66') AND `status` = 1 AND `cityen` = '' ORDER BY id desc LIMIT 0,4   [ RunTime:0.0004s ]
SQL: SELECT * FROM `ad_article_class` WHERE `pid` IN ('10')  [ RunTime:0.0003s ]
SQL: SELECT COUNT(*) AS tp_count FROM `ad_article` WHERE `catid` IN ('10') AND `status` = 1 AND (  status=1 && FIND_IN_SET("1",posid) ) AND `cityen` = '' LIMIT 1   [ RunTime:0.0003s ]
SQL: SELECT * FROM `ad_article` WHERE `catid` IN ('10') AND `status` = 1 AND (  status=1 && FIND_IN_SET("1",posid) ) AND `cityen` = '' ORDER BY id desc LIMIT 0,1   [ RunTime:0.0003s ]
SQL: SELECT * FROM `ad_article_class` WHERE `pid` IN ('10')  [ RunTime:0.0003s ]
SQL: SELECT COUNT(*) AS tp_count FROM `ad_article` WHERE `catid` IN ('10') AND `status` = 1 AND (  status=1 && FIND_IN_SET("1",posid) ) AND `cityen` = '' LIMIT 1   [ RunTime:0.0002s ]
SQL: SELECT * FROM `ad_article` WHERE `catid` IN ('10') AND `status` = 1 AND (  status=1 && FIND_IN_SET("1",posid) ) AND `cityen` = '' ORDER BY id desc LIMIT 0,4   [ RunTime:0.0003s ]
SQL: SELECT COUNT(*) AS tp_count FROM `ad_article` WHERE `catid` IN ('68') AND `status` = 1 AND `cityen` = '' LIMIT 1   [ RunTime:0.0003s ]
SQL: SELECT * FROM `ad_article` WHERE `catid` IN ('68') AND `status` = 1 AND `cityen` = '' ORDER BY id desc LIMIT 0,1   [ RunTime:0.0003s ]
SQL: SELECT * FROM `ad_article_class` WHERE `pid` IN ('68')  [ RunTime:0.0003s ]
SQL: SELECT COUNT(*) AS tp_count FROM `ad_article` WHERE `catid` IN ('68') AND `status` = 1 AND `cityen` = '' LIMIT 1   [ RunTime:0.0002s ]
SQL: SELECT * FROM `ad_article` WHERE `catid` IN ('68') AND `status` = 1 AND `cityen` = '' ORDER BY id desc LIMIT 0,4   [ RunTime:0.0002s ]
SQL: SELECT COUNT(*) AS tp_count FROM `ad_article` WHERE `catid` IN ('69') AND `status` = 1 AND `cityen` = '' LIMIT 1   [ RunTime:0.0002s ]
SQL: SELECT * FROM `ad_article` WHERE `catid` IN ('69') AND `status` = 1 AND `cityen` = '' ORDER BY id desc LIMIT 0,1   [ RunTime:0.0003s ]
SQL: SELECT * FROM `ad_article_class` WHERE `pid` IN ('69')  [ RunTime:0.0003s ]
SQL: SELECT COUNT(*) AS tp_count FROM `ad_article` WHERE `catid` IN ('69') AND `status` = 1 AND `cityen` = '' LIMIT 1   [ RunTime:0.0002s ]
SQL: SELECT * FROM `ad_article` WHERE `catid` IN ('69') AND `status` = 1 AND `cityen` = '' ORDER BY id desc LIMIT 0,4   [ RunTime:0.0004s ]
SQL: SELECT COUNT(*) AS tp_count FROM `ad_article` WHERE `catid` IN ('70') AND `status` = 1 AND `cityen` = '' LIMIT 1   [ RunTime:0.0003s ]
SQL: SELECT * FROM `ad_article` WHERE `catid` IN ('70') AND `status` = 1 AND `cityen` = '' ORDER BY id desc LIMIT 0,1   [ RunTime:0.0003s ]
SQL: SELECT * FROM `ad_article_class` WHERE `pid` IN ('70')  [ RunTime:0.0003s ]
SQL: SELECT COUNT(*) AS tp_count FROM `ad_article` WHERE `catid` IN ('70') AND `status` = 1 AND `cityen` = '' LIMIT 1   [ RunTime:0.0002s ]
SQL: SELECT * FROM `ad_article` WHERE `catid` IN ('70') AND `status` = 1 AND `cityen` = '' ORDER BY id desc LIMIT 0,4   [ RunTime:0.0002s ]
NOTIC: [8] Undefined variable: links_list D:\wamp\www\qric\tp\QRIC\Runtime\Cache\Home\55a6d3006f5d935543f1122a52ea2906.php 第 856 行.
INFO: Run Behavior\ParseTemplateBehavior [ RunTime:0.355422s ]
INFO: [ view_parse ] --END-- [ RunTime:0.355549s ]
INFO: [ view_filter ] --START--
INFO: Run Behavior\WriteHtmlCacheBehavior [ RunTime:0.000531s ]
INFO: [ view_filter ] --END-- [ RunTime:0.000644s ]
INFO: [ app_end ] --START--
INFO: Run Behavior\ShowPageTraceBehavior [ RunTime:0.000620s ]
INFO: [ app_end ] --END-- [ RunTime:0.000742s ]

[ 2016-06-30T14:55:31+08:00 ] 127.0.0.1 /index.php?act=common&op=ajax_pending_matters
INFO: [ app_init ] --START--
INFO: Run Behavior\BuildLiteBehavior [ RunTime:0.000032s ]
INFO: [ app_init ] --END-- [ RunTime:0.000548s ]
INFO: [ app_begin ] --START--
INFO: Run Behavior\ReadHtmlCacheBehavior [ RunTime:0.000629s ]
INFO: [ app_begin ] --END-- [ RunTime:0.000745s ]
SQL: SHOW COLUMNS FROM `ad_config` [ RunTime:0.0034s ]
SQL: SELECT * FROM `ad_config`  [ RunTime:0.0003s ]
INFO: [ view_parse ] --START--
NOTIC: [8] Undefined index: catid D:\wamp\www\qric\tp\QRIC\Yunwan\Common\TagLib\Adsousou.class.php 第 51 行.
NOTIC: [8] Undefined index: subcat D:\wamp\www\qric\tp\QRIC\Yunwan\Common\TagLib\Adsousou.class.php 第 78 行.
NOTIC: [8] Undefined index: catid D:\wamp\www\qric\tp\QRIC\Yunwan\Common\TagLib\Adsousou.class.php 第 51 行.
NOTIC: [8] Undefined index: subcat D:\wamp\www\qric\tp\QRIC\Yunwan\Common\TagLib\Adsousou.class.php 第 78 行.
NOTIC: [8] Undefined index: catid D:\wamp\www\qric\tp\QRIC\Yunwan\Common\TagLib\Adsousou.class.php 第 51 行.
NOTIC: [8] Undefined index: num D:\wamp\www\qric\tp\QRIC\Yunwan\Common\TagLib\Adsousou.class.php 第 53 行.
NOTIC: [8] Undefined index: subcat D:\wamp\www\qric\tp\QRIC\Yunwan\Common\TagLib\Adsousou.class.php 第 78 行.
NOTIC: [8] Undefined index: catid D:\wamp\www\qric\tp\QRIC\Yunwan\Common\TagLib\Adsousou.class.php 第 51 行.
NOTIC: [8] Undefined index: num D:\wamp\www\qric\tp\QRIC\Yunwan\Common\TagLib\Adsousou.class.php 第 53 行.
NOTIC: [8] Undefined index: subcat D:\wamp\www\qric\tp\QRIC\Yunwan\Common\TagLib\Adsousou.class.php 第 78 行.
NOTIC: [8] Undefined index: subcat D:\wamp\www\qric\tp\QRIC\Yunwan\Common\TagLib\Adsousou.class.php 第 78 行.
NOTIC: [8] Undefined index: subcat D:\wamp\www\qric\tp\QRIC\Yunwan\Common\TagLib\Adsousou.class.php 第 78 行.
NOTIC: [8] Undefined index: subcat D:\wamp\www\qric\tp\QRIC\Yunwan\Common\TagLib\Adsousou.class.php 第 78 行.
NOTIC: [8] Undefined index: subcat D:\wamp\www\qric\tp\QRIC\Yunwan\Common\TagLib\Adsousou.class.php 第 78 行.
NOTIC: [8] Undefined index: subcat D:\wamp\www\qric\tp\QRIC\Yunwan\Common\TagLib\Adsousou.class.php 第 78 行.
NOTIC: [8] Undefined index: subcat D:\wamp\www\qric\tp\QRIC\Yunwan\Common\TagLib\Adsousou.class.php 第 78 行.
NOTIC: [8] Undefined index: subcat D:\wamp\www\qric\tp\QRIC\Yunwan\Common\TagLib\Adsousou.class.php 第 78 行.
NOTIC: [8] Undefined index: subcat D:\wamp\www\qric\tp\QRIC\Yunwan\Common\TagLib\Adsousou.class.php 第 78 行.
NOTIC: [8] Undefined index: subcat D:\wamp\www\qric\tp\QRIC\Yunwan\Common\TagLib\Adsousou.class.php 第 78 行.
NOTIC: [8] Undefined index: subcat D:\wamp\www\qric\tp\QRIC\Yunwan\Common\TagLib\Adsousou.class.php 第 78 行.
NOTIC: [8] Undefined index: subcat D:\wamp\www\qric\tp\QRIC\Yunwan\Common\TagLib\Adsousou.class.php 第 78 行.
NOTIC: [8] Undefined index: subcat D:\wamp\www\qric\tp\QRIC\Yunwan\Common\TagLib\Adsousou.class.php 第 78 行.
NOTIC: [8] Undefined index: subcat D:\wamp\www\qric\tp\QRIC\Yunwan\Common\TagLib\Adsousou.class.php 第 78 行.
NOTIC: [8] Undefined index: subcat D:\wamp\www\qric\tp\QRIC\Yunwan\Common\TagLib\Adsousou.class.php 第 78 行.
NOTIC: [8] Undefined index: subcat D:\wamp\www\qric\tp\QRIC\Yunwan\Common\TagLib\Adsousou.class.php 第 78 行.
INFO: [ template_filter ] --START--
INFO: Run Behavior\ContentReplaceBehavior [ RunTime:0.000808s ]
INFO: [ template_filter ] --END-- [ RunTime:0.000931s ]
NOTIC: [8] Undefined variable: seo_title D:\wamp\www\qric\tp\QRIC\Runtime\Cache\Home\55a6d3006f5d935543f1122a52ea2906.php 第 6 行.
NOTIC: [8] Undefined variable: infos D:\wamp\www\qric\tp\QRIC\Runtime\Cache\Home\55a6d3006f5d935543f1122a52ea2906.php 第 48 行.
NOTIC: [8] Undefined variable: city D:\wamp\www\qric\tp\QRIC\Runtime\Cache\Home\55a6d3006f5d935543f1122a52ea2906.php 第 57 行.
NOTIC: [8] Undefined variable: text D:\wamp\www\qric\tp\QRIC\Runtime\Cache\Home\55a6d3006f5d935543f1122a52ea2906.php 第 71 行.
NOTIC: [8] Undefined variable: articleclass D:\wamp\www\qric\tp\QRIC\Runtime\Cache\Home\55a6d3006f5d935543f1122a52ea2906.php 第 86 行.
NOTIC: [8] Undefined variable: nav_list D:\wamp\www\qric\tp\QRIC\Runtime\Cache\Home\55a6d3006f5d935543f1122a52ea2906.php 第 145 行.
SQL: SHOW COLUMNS FROM `ad_article` [ RunTime:0.0036s ]
SQL: SELECT COUNT(*) AS tp_count FROM `ad_article` WHERE `status` = 1 AND (  thumb!='' && FIND_IN_SET("2",posid) ) AND `cityen` = '' LIMIT 1   [ RunTime:0.0004s ]
SQL: SELECT * FROM `ad_article` WHERE `status` = 1 AND (  thumb!='' && FIND_IN_SET("2",posid) ) AND `cityen` = '' ORDER BY sort desc,id desc LIMIT 0,3   [ RunTime:0.0004s ]
SQL: SELECT COUNT(*) AS tp_count FROM `ad_article` WHERE `status` = 1 AND (  thumb!='' && FIND_IN_SET("2",posid) ) AND `cityen` = '' LIMIT 1   [ RunTime:0.0003s ]
SQL: SELECT * FROM `ad_article` WHERE `status` = 1 AND (  thumb!='' && FIND_IN_SET("2",posid) ) AND `cityen` = '' ORDER BY id desc LIMIT 0,3   [ RunTime:0.0003s ]
SQL: SELECT COUNT(*) AS tp_count FROM `ad_article` WHERE `status` = 1 AND (  thumb!='' && FIND_IN_SET("2",posid) ) AND `cityen` = '' LIMIT 1   [ RunTime:0.0002s ]
SQL: SELECT * FROM `ad_article` WHERE `status` = 1 AND (  thumb!='' && FIND_IN_SET("2",posid) ) AND `cityen` = '' ORDER BY id desc LIMIT 0,1   [ RunTime:0.0003s ]
SQL: SELECT COUNT(*) AS tp_count FROM `ad_article` WHERE `status` = 1 AND (  thumb!='' && FIND_IN_SET("2",posid) ) AND `cityen` = '' LIMIT 1   [ RunTime:0.0002s ]
SQL: SELECT * FROM `ad_article` WHERE `status` = 1 AND (  thumb!='' && FIND_IN_SET("2",posid) ) AND `cityen` = '' ORDER BY id desc LIMIT 1,8   [ RunTime:0.0003s ]
SQL: SHOW COLUMNS FROM `ad_article_class` [ RunTime:0.0038s ]
SQL: SELECT * FROM `ad_article_class` WHERE `pid` IN ('1')  [ RunTime:0.0003s ]
SQL: SELECT COUNT(*) AS tp_count FROM `ad_article` WHERE `catid` IN ('1') AND `status` = 1 AND `cityen` = '' LIMIT 1   [ RunTime:0.0002s ]
SQL: SELECT * FROM `ad_article` WHERE `catid` IN ('1') AND `status` = 1 AND `cityen` = '' ORDER BY id desc LIMIT 0,8   [ RunTime:0.0003s ]
SQL: SELECT * FROM `ad_article_class` WHERE `pid` IN ('2')  [ RunTime:0.0002s ]
SQL: SELECT COUNT(*) AS tp_count FROM `ad_article` WHERE `catid` IN ('2') AND `status` = 1 AND `cityen` = '' LIMIT 1   [ RunTime:0.0002s ]
SQL: SELECT * FROM `ad_article` WHERE `catid` IN ('2') AND `status` = 1 AND `cityen` = '' ORDER BY id desc LIMIT 0,8   [ RunTime:0.0003s ]
SQL: SELECT * FROM `ad_article_class` WHERE `pid` IN ('3')  [ RunTime:0.0003s ]
SQL: SELECT COUNT(*) AS tp_count FROM `ad_article` WHERE `catid` IN ('3') AND `status` = 1 AND `cityen` = '' LIMIT 1   [ RunTime:0.0003s ]
SQL: SELECT * FROM `ad_article` WHERE `catid` IN ('3') AND `status` = 1 AND `cityen` = '' ORDER BY id desc LIMIT 0,6   [ RunTime:0.0003s ]
SQL: SELECT * FROM `ad_article_class` WHERE `pid` IN ('4')  [ RunTime:0.0002s ]
SQL: SELECT COUNT(*) AS tp_count FROM `ad_article` WHERE `catid` IN ('4') AND `status` = 1 AND `cityen` = '' LIMIT 1   [ RunTime:0.0002s ]
SQL: SELECT * FROM `ad_article` WHERE `catid` IN ('4') AND `status` = 1 AND `cityen` = '' ORDER BY id desc LIMIT 0,6   [ RunTime:0.0003s ]
SQL: SELECT COUNT(*) AS tp_count FROM `ad_article` WHERE `catid` IN ('38') AND `status` = 1 AND `cityen` = '' LIMIT 1   [ RunTime:0.0002s ]
SQL: SELECT * FROM `ad_article` WHERE `catid` IN ('38') AND `status` = 1 AND `cityen` = '' ORDER BY id desc LIMIT 0,1   [ RunTime:0.0002s ]
SQL: SELECT * FROM `ad_article_class` WHERE `pid` IN ('38')  [ RunTime:0.0003s ]
SQL: SELECT COUNT(*) AS tp_count FROM `ad_article` WHERE `catid` IN ('38') AND `status` = 1 AND `cityen` = '' LIMIT 1   [ RunTime:0.0002s ]
SQL: SELECT * FROM `ad_article` WHERE `catid` IN ('38') AND `status` = 1 AND `cityen` = '' ORDER BY id desc LIMIT 0,4   [ RunTime:0.0002s ]
SQL: SELECT COUNT(*) AS tp_count FROM `ad_article` WHERE `catid` IN ('39') AND `status` = 1 AND `cityen` = '' LIMIT 1   [ RunTime:0.0002s ]
SQL: SELECT * FROM `ad_article` WHERE `catid` IN ('39') AND `status` = 1 AND `cityen` = '' ORDER BY id desc LIMIT 0,1   [ RunTime:0.0003s ]
SQL: SELECT * FROM `ad_article_class` WHERE `pid` IN ('39')  [ RunTime:0.0002s ]
SQL: SELECT COUNT(*) AS tp_count FROM `ad_article` WHERE `catid` IN ('39') AND `status` = 1 AND `cityen` = '' LIMIT 1   [ RunTime:0.0002s ]
SQL: SELECT * FROM `ad_article` WHERE `catid` IN ('39') AND `status` = 1 AND `cityen` = '' ORDER BY id desc LIMIT 0,4   [ RunTime:0.0002s ]
SQL: SELECT COUNT(*) AS tp_count FROM `ad_article` WHERE `catid` IN ('40') AND `status` = 1 AND `cityen` = '' LIMIT 1   [ RunTime:0.0002s ]
SQL: SELECT * FROM `ad_article` WHERE `catid` IN ('40') AND `status` = 1 AND `cityen` = '' ORDER BY id desc LIMIT 0,1   [ RunTime:0.0003s ]
SQL: SELECT * FROM `ad_article_class` WHERE `pid` IN ('40')  [ RunTime:0.0002s ]
SQL: SELECT COUNT(*) AS tp_count FROM `ad_article` WHERE `catid` IN ('40') AND `status` = 1 AND `cityen` = '' LIMIT 1   [ RunTime:0.0002s ]
SQL: SELECT * FROM `ad_article` WHERE `catid` IN ('40') AND `status` = 1 AND `cityen` = '' ORDER BY id desc LIMIT 0,4   [ RunTime:0.0003s ]
SQL: SELECT COUNT(*) AS tp_count FROM `ad_article` WHERE `catid` IN ('41') AND `status` = 1 AND `cityen` = '' LIMIT 1   [ RunTime:0.0002s ]
SQL: SELECT * FROM `ad_article` WHERE `catid` IN ('41') AND `status` = 1 AND `cityen` = '' ORDER BY id desc LIMIT 0,1   [ RunTime:0.0003s ]
SQL: SELECT * FROM `ad_article_class` WHERE `pid` IN ('41')  [ RunTime:0.0003s ]
SQL: SELECT COUNT(*) AS tp_count FROM `ad_article` WHERE `catid` IN ('41') AND `status` = 1 AND `cityen` = '' LIMIT 1   [ RunTime:0.0002s ]
SQL: SELECT * FROM `ad_article` WHERE `catid` IN ('41') AND `status` = 1 AND `cityen` = '' ORDER BY id desc LIMIT 0,4   [ RunTime:0.0004s ]
SQL: SELECT COUNT(*) AS tp_count FROM `ad_article` WHERE `catid` IN ('43') AND `status` = 1 AND `cityen` = '' LIMIT 1   [ RunTime:0.0004s ]
SQL: SELECT * FROM `ad_article` WHERE `catid` IN ('43') AND `status` = 1 AND `cityen` = '' ORDER BY id desc LIMIT 0,1   [ RunTime:0.0003s ]
SQL: SELECT * FROM `ad_article_class` WHERE `pid` IN ('43')  [ RunTime:0.0003s ]
SQL: SELECT COUNT(*) AS tp_count FROM `ad_article` WHERE `catid` IN ('43') AND `status` = 1 AND `cityen` = '' LIMIT 1   [ RunTime:0.0002s ]
SQL: SELECT * FROM `ad_article` WHERE `catid` IN ('43') AND `status` = 1 AND `cityen` = '' ORDER BY id desc LIMIT 0,4   [ RunTime:0.0003s ]
SQL: SELECT COUNT(*) AS tp_count FROM `ad_article` WHERE `catid` IN ('44') AND `status` = 1 AND `cityen` = '' LIMIT 1   [ RunTime:0.0003s ]
SQL: SELECT * FROM `ad_article` WHERE `catid` IN ('44') AND `status` = 1 AND `cityen` = '' ORDER BY id desc LIMIT 0,1   [ RunTime:0.0003s ]
SQL: SELECT * FROM `ad_article_class` WHERE `pid` IN ('44')  [ RunTime:0.0002s ]
SQL: SELECT COUNT(*) AS tp_count FROM `ad_article` WHERE `catid` IN ('44') AND `status` = 1 AND `cityen` = '' LIMIT 1   [ RunTime:0.0002s ]
SQL: SELECT * FROM `ad_article` WHERE `catid` IN ('44') AND `status` = 1 AND `cityen` = '' ORDER BY id desc LIMIT 0,4   [ RunTime:0.0003s ]
SQL: SELECT COUNT(*) AS tp_count FROM `ad_article` WHERE `catid` IN ('45') AND `status` = 1 AND `cityen` = '' LIMIT 1   [ RunTime:0.0002s ]
SQL: SELECT * FROM `ad_article` WHERE `catid` IN ('45') AND `status` = 1 AND `cityen` = '' ORDER BY id desc LIMIT 0,1   [ RunTime:0.0003s ]
SQL: SELECT * FROM `ad_article_class` WHERE `pid` IN ('45')  [ RunTime:0.0002s ]
SQL: SELECT COUNT(*) AS tp_count FROM `ad_article` WHERE `catid` IN ('45') AND `status` = 1 AND `cityen` = '' LIMIT 1   [ RunTime:0.0002s ]
SQL: SELECT * FROM `ad_article` WHERE `catid` IN ('45') AND `status` = 1 AND `cityen` = '' ORDER BY id desc LIMIT 0,4   [ RunTime:0.0002s ]
SQL: SELECT COUNT(*) AS tp_count FROM `ad_article` WHERE `catid` IN ('47') AND `status` = 1 AND `cityen` = '' LIMIT 1   [ RunTime:0.0002s ]
SQL: SELECT * FROM `ad_article` WHERE `catid` IN ('47') AND `status` = 1 AND `cityen` = '' ORDER BY id desc LIMIT 0,1   [ RunTime:0.0003s ]
SQL: SELECT * FROM `ad_article_class` WHERE `pid` IN ('47')  [ RunTime:0.0004s ]
SQL: SELECT COUNT(*) AS tp_count FROM `ad_article` WHERE `catid` IN ('47') AND `status` = 1 AND `cityen` = '' LIMIT 1   [ RunTime:0.0003s ]
SQL: SELECT * FROM `ad_article` WHERE `catid` IN ('47') AND `status` = 1 AND `cityen` = '' ORDER BY id desc LIMIT 0,4   [ RunTime:0.0003s ]
SQL: SELECT * FROM `ad_article_class` WHERE `pid` IN ('7')  [ RunTime:0.0003s ]
SQL: SELECT COUNT(*) AS tp_count FROM `ad_article` WHERE `catid` IN ('7') AND `status` = 1 AND `cityen` = '' LIMIT 1   [ RunTime:0.0002s ]
SQL: SELECT * FROM `ad_article` WHERE `catid` IN ('7') AND `status` = 1 AND `cityen` = '' ORDER BY id desc LIMIT 0,8   [ RunTime:0.0003s ]
SQL: SELECT * FROM `ad_article_class` WHERE `pid` IN ('8')  [ RunTime:0.0003s ]
SQL: SELECT COUNT(*) AS tp_count FROM `ad_article` WHERE `catid` IN ('8') AND `status` = 1 AND `cityen` = '' LIMIT 1   [ RunTime:0.0002s ]
SQL: SELECT * FROM `ad_article` WHERE `catid` IN ('8') AND `status` = 1 AND `cityen` = '' ORDER BY id desc LIMIT 0,8   [ RunTime:0.0003s ]
SQL: SELECT COUNT(*) AS tp_count FROM `ad_article` WHERE `catid` IN ('63') AND `status` = 1 AND `cityen` = '' LIMIT 1   [ RunTime:0.0002s ]
SQL: SELECT * FROM `ad_article` WHERE `catid` IN ('63') AND `status` = 1 AND `cityen` = '' ORDER BY id desc LIMIT 0,1   [ RunTime:0.0003s ]
SQL: SELECT * FROM `ad_article_class` WHERE `pid` IN ('63')  [ RunTime:0.0003s ]
SQL: SELECT COUNT(*) AS tp_count FROM `ad_article` WHERE `catid` IN ('63') AND `status` = 1 AND `cityen` = '' LIMIT 1   [ RunTime:0.0002s ]
SQL: SELECT * FROM `ad_article` WHERE `catid` IN ('63') AND `status` = 1 AND `cityen` = '' ORDER BY id desc LIMIT 0,4   [ RunTime:0.0003s ]
SQL: SELECT COUNT(*) AS tp_count FROM `ad_article` WHERE `catid` IN ('64') AND `status` = 1 AND `cityen` = '' LIMIT 1   [ RunTime:0.0002s ]
SQL: SELECT * FROM `ad_article` WHERE `catid` IN ('64') AND `status` = 1 AND `cityen` = '' ORDER BY id desc LIMIT 0,1   [ RunTime:0.0003s ]
SQL: SELECT * FROM `ad_article_class` WHERE `pid` IN ('64')  [ RunTime:0.0003s ]
SQL: SELECT COUNT(*) AS tp_count FROM `ad_article` WHERE `catid` IN ('64') AND `status` = 1 AND `cityen` = '' LIMIT 1   [ RunTime:0.0002s ]
SQL: SELECT * FROM `ad_article` WHERE `catid` IN ('64') AND `status` = 1 AND `cityen` = '' ORDER BY id desc LIMIT 0,4   [ RunTime:0.0003s ]
SQL: SELECT COUNT(*) AS tp_count FROM `ad_article` WHERE `catid` IN ('65') AND `status` = 1 AND `cityen` = '' LIMIT 1   [ RunTime:0.0002s ]
SQL: SELECT * FROM `ad_article` WHERE `catid` IN ('65') AND `status` = 1 AND `cityen` = '' ORDER BY id desc LIMIT 0,1   [ RunTime:0.0003s ]
SQL: SELECT * FROM `ad_article_class` WHERE `pid` IN ('65')  [ RunTime:0.0003s ]
SQL: SELECT COUNT(*) AS tp_count FROM `ad_article` WHERE `catid` IN ('65') AND `status` = 1 AND `cityen` = '' LIMIT 1   [ RunTime:0.0003s ]
SQL: SELECT * FROM `ad_article` WHERE `catid` IN ('65') AND `status` = 1 AND `cityen` = '' ORDER BY id desc LIMIT 0,4   [ RunTime:0.0003s ]
SQL: SELECT COUNT(*) AS tp_count FROM `ad_article` WHERE `catid` IN ('66') AND `status` = 1 AND `cityen` = '' LIMIT 1   [ RunTime:0.0002s ]
SQL: SELECT * FROM `ad_article` WHERE `catid` IN ('66') AND `status` = 1 AND `cityen` = '' ORDER BY id desc LIMIT 0,1   [ RunTime:0.0003s ]
SQL: SELECT * FROM `ad_article_class` WHERE `pid` IN ('66')  [ RunTime:0.0003s ]
SQL: SELECT COUNT(*) AS tp_count FROM `ad_article` WHERE `catid` IN ('66') AND `status` = 1 AND `cityen` = '' LIMIT 1   [ RunTime:0.0003s ]
SQL: SELECT * FROM `ad_article` WHERE `catid` IN ('66') AND `status` = 1 AND `cityen` = '' ORDER BY id desc LIMIT 0,4   [ RunTime:0.0003s ]
SQL: SELECT * FROM `ad_article_class` WHERE `pid` IN ('10')  [ RunTime:0.0003s ]
SQL: SELECT COUNT(*) AS tp_count FROM `ad_article` WHERE `catid` IN ('10') AND `status` = 1 AND (  status=1 && FIND_IN_SET("1",posid) ) AND `cityen` = '' LIMIT 1   [ RunTime:0.0003s ]
SQL: SELECT * FROM `ad_article` WHERE `catid` IN ('10') AND `status` = 1 AND (  status=1 && FIND_IN_SET("1",posid) ) AND `cityen` = '' ORDER BY id desc LIMIT 0,1   [ RunTime:0.0003s ]
SQL: SELECT * FROM `ad_article_class` WHERE `pid` IN ('10')  [ RunTime:0.0003s ]
SQL: SELECT COUNT(*) AS tp_count FROM `ad_article` WHERE `catid` IN ('10') AND `status` = 1 AND (  status=1 && FIND_IN_SET("1",posid) ) AND `cityen` = '' LIMIT 1   [ RunTime:0.0002s ]
SQL: SELECT * FROM `ad_article` WHERE `catid` IN ('10') AND `status` = 1 AND (  status=1 && FIND_IN_SET("1",posid) ) AND `cityen` = '' ORDER BY id desc LIMIT 0,4   [ RunTime:0.0003s ]
SQL: SELECT COUNT(*) AS tp_count FROM `ad_article` WHERE `catid` IN ('68') AND `status` = 1 AND `cityen` = '' LIMIT 1   [ RunTime:0.0002s ]
SQL: SELECT * FROM `ad_article` WHERE `catid` IN ('68') AND `status` = 1 AND `cityen` = '' ORDER BY id desc LIMIT 0,1   [ RunTime:0.0003s ]
SQL: SELECT * FROM `ad_article_class` WHERE `pid` IN ('68')  [ RunTime:0.0003s ]
SQL: SELECT COUNT(*) AS tp_count FROM `ad_article` WHERE `catid` IN ('68') AND `status` = 1 AND `cityen` = '' LIMIT 1   [ RunTime:0.0002s ]
SQL: SELECT * FROM `ad_article` WHERE `catid` IN ('68') AND `status` = 1 AND `cityen` = '' ORDER BY id desc LIMIT 0,4   [ RunTime:0.0003s ]
SQL: SELECT COUNT(*) AS tp_count FROM `ad_article` WHERE `catid` IN ('69') AND `status` = 1 AND `cityen` = '' LIMIT 1   [ RunTime:0.0002s ]
SQL: SELECT * FROM `ad_article` WHERE `catid` IN ('69') AND `status` = 1 AND `cityen` = '' ORDER BY id desc LIMIT 0,1   [ RunTime:0.0004s ]
SQL: SELECT * FROM `ad_article_class` WHERE `pid` IN ('69')  [ RunTime:0.0003s ]
SQL: SELECT COUNT(*) AS tp_count FROM `ad_article` WHERE `catid` IN ('69') AND `status` = 1 AND `cityen` = '' LIMIT 1   [ RunTime:0.0002s ]
SQL: SELECT * FROM `ad_article` WHERE `catid` IN ('69') AND `status` = 1 AND `cityen` = '' ORDER BY id desc LIMIT 0,4   [ RunTime:0.0003s ]
SQL: SELECT COUNT(*) AS tp_count FROM `ad_article` WHERE `catid` IN ('70') AND `status` = 1 AND `cityen` = '' LIMIT 1   [ RunTime:0.0003s ]
SQL: SELECT * FROM `ad_article` WHERE `catid` IN ('70') AND `status` = 1 AND `cityen` = '' ORDER BY id desc LIMIT 0,1   [ RunTime:0.0003s ]
SQL: SELECT * FROM `ad_article_class` WHERE `pid` IN ('70')  [ RunTime:0.0003s ]
SQL: SELECT COUNT(*) AS tp_count FROM `ad_article` WHERE `catid` IN ('70') AND `status` = 1 AND `cityen` = '' LIMIT 1   [ RunTime:0.0003s ]
SQL: SELECT * FROM `ad_article` WHERE `catid` IN ('70') AND `status` = 1 AND `cityen` = '' ORDER BY id desc LIMIT 0,4   [ RunTime:0.0002s ]
NOTIC: [8] Undefined variable: links_list D:\wamp\www\qric\tp\QRIC\Runtime\Cache\Home\55a6d3006f5d935543f1122a52ea2906.php 第 856 行.
INFO: Run Behavior\ParseTemplateBehavior [ RunTime:0.341740s ]
INFO: [ view_parse ] --END-- [ RunTime:0.341845s ]
INFO: [ view_filter ] --START--
INFO: Run Behavior\WriteHtmlCacheBehavior [ RunTime:0.000558s ]
INFO: [ view_filter ] --END-- [ RunTime:0.000655s ]
INFO: [ app_end ] --START--
INFO: Run Behavior\ShowPageTraceBehavior [ RunTime:0.000657s ]
INFO: [ app_end ] --END-- [ RunTime:0.000758s ]

