[ 2016-06-30T10:25:52+08:00 ] 127.0.0.1 /admin.php?s=Index/cache
INFO: [ app_init ] --START--
INFO: Run Behavior\BuildLiteBehavior [ RunTime:0.000032s ]
INFO: [ app_init ] --END-- [ RunTime:0.000639s ]
INFO: [ app_begin ] --START--
INFO: Run Behavior\ReadHtmlCacheBehavior [ RunTime:0.000602s ]
INFO: [ app_begin ] --END-- [ RunTime:0.000744s ]
SQL: SHOW COLUMNS FROM `ad_admin` [ RunTime:0.0030s ]
SQL: SELECT `quicklink` FROM `ad_admin` WHERE `uid` = 1 LIMIT 1   [ RunTime:0.0003s ]
NOTIC: [2] Missing argument 1 for Dir::__construct(), called in D:\wamp\www\qric\tp\Yunwan\Admin\Controller\IndexController.class.php on line 28 and defined D:\wamp\www\qric\tp\Yunwan\Libs\Util\Dir.class.php 第 39 行.
NOTIC: [8] Undefined variable: path D:\wamp\www\qric\tp\Yunwan\Libs\Util\Dir.class.php 第 40 行.
NOTIC: [8] Undefined variable: path D:\wamp\www\qric\tp\Yunwan\Libs\Util\Dir.class.php 第 41 行.
INFO: [ view_parse ] --START--
INFO: [ template_filter ] --START--
INFO: Run Behavior\ContentReplaceBehavior [ RunTime:0.000086s ]
INFO: [ template_filter ] --END-- [ RunTime:0.000219s ]
INFO: Run Behavior\ParseTemplateBehavior [ RunTime:0.064120s ]
INFO: [ view_parse ] --END-- [ RunTime:0.064272s ]
INFO: [ view_filter ] --START--
INFO: Run Behavior\WriteHtmlCacheBehavior [ RunTime:0.000473s ]
INFO: [ view_filter ] --END-- [ RunTime:0.000592s ]
INFO: [ app_end ] --START--
INFO: Run Behavior\ShowPageTraceBehavior [ RunTime:0.000562s ]
INFO: [ app_end ] --END-- [ RunTime:0.000682s ]

[ 2016-06-30T10:25:54+08:00 ] 127.0.0.1 /admin.php?s=/Index/cache.html
INFO: [ app_init ] --START--
INFO: Run Behavior\BuildLiteBehavior [ RunTime:0.000026s ]
INFO: [ app_init ] --END-- [ RunTime:0.000579s ]
INFO: [ app_begin ] --START--
INFO: Run Behavior\ReadHtmlCacheBehavior [ RunTime:0.000566s ]
INFO: [ app_begin ] --END-- [ RunTime:0.000693s ]
SQL: SHOW COLUMNS FROM `ad_config` [ RunTime:0.0066s ]
SQL: SELECT * FROM `ad_config`  [ RunTime:0.0004s ]
SQL: SHOW COLUMNS FROM `ad_admin` [ RunTime:0.0157s ]
SQL: SELECT `quicklink` FROM `ad_admin` WHERE `uid` = 1 LIMIT 1   [ RunTime:0.0003s ]
SQL: SHOW COLUMNS FROM `ad_menu` [ RunTime:0.0404s ]
SQL: SELECT `id`,`title`,`url`,`icon` FROM `ad_menu` WHERE `pid` = 0 AND `hide` = 1 ORDER BY sort asc  [ RunTime:0.0008s ]
SQL: SELECT DISTINCT  `group` FROM `ad_menu` WHERE `group` <> '' AND `pid` = 2  [ RunTime:0.0007s ]
SQL: SELECT `id`,`url` FROM `ad_menu` WHERE `pid` = 2 AND `hide` = 1  [ RunTime:0.0006s ]
SQL: SELECT `id`,`pid`,`title`,`url`,`icon` FROM `ad_menu` WHERE `group` = '设置' AND `pid` = 2 AND `hide` = 1 ORDER BY sort asc  [ RunTime:0.0007s ]
SQL: SELECT DISTINCT  `group` FROM `ad_menu` WHERE `group` <> '' AND `pid` = 30  [ RunTime:0.0007s ]
SQL: SELECT `id`,`url` FROM `ad_menu` WHERE `pid` = 30 AND `hide` = 1  [ RunTime:0.0006s ]
SQL: SELECT `id`,`pid`,`title`,`url`,`icon` FROM `ad_menu` WHERE `group` = '设置' AND `pid` = 30 AND `hide` = 1 ORDER BY sort asc  [ RunTime:0.0006s ]
SQL: SELECT `id`,`pid`,`title`,`url`,`icon` FROM `ad_menu` WHERE `group` = '会员' AND `pid` = 30 AND `hide` = 1 ORDER BY sort asc  [ RunTime:0.0006s ]
SQL: SELECT DISTINCT  `group` FROM `ad_menu` WHERE `group` <> '' AND `pid` = 120  [ RunTime:0.0007s ]
SQL: SELECT `id`,`url` FROM `ad_menu` WHERE `pid` = 120 AND `hide` = 1  [ RunTime:0.0007s ]
SQL: SELECT `id`,`pid`,`title`,`url`,`icon` FROM `ad_menu` WHERE `group` = '产品' AND `pid` = 120 AND `hide` = 1 ORDER BY sort asc  [ RunTime:0.0008s ]
SQL: SELECT DISTINCT  `group` FROM `ad_menu` WHERE `group` <> '' AND `pid` = 75  [ RunTime:0.0008s ]
SQL: SELECT `id`,`url` FROM `ad_menu` WHERE `pid` = 75 AND `hide` = 1  [ RunTime:0.0004s ]
SQL: SELECT `id`,`pid`,`title`,`url`,`icon` FROM `ad_menu` WHERE `group` = '扩展' AND `pid` = 75 AND `hide` = 1 ORDER BY sort asc  [ RunTime:0.0004s ]
INFO: [ view_parse ] --START--
INFO: [ template_filter ] --START--
INFO: Run Behavior\ContentReplaceBehavior [ RunTime:0.000174s ]
INFO: [ template_filter ] --END-- [ RunTime:0.000359s ]
INFO: Run Behavior\ParseTemplateBehavior [ RunTime:0.009739s ]
INFO: [ view_parse ] --END-- [ RunTime:0.009927s ]
INFO: [ view_filter ] --START--
INFO: Run Behavior\WriteHtmlCacheBehavior [ RunTime:0.000523s ]
INFO: [ view_filter ] --END-- [ RunTime:0.000692s ]
INFO: [ app_end ] --START--
INFO: Run Behavior\ShowPageTraceBehavior [ RunTime:0.000736s ]
INFO: [ app_end ] --END-- [ RunTime:0.000906s ]

[ 2016-06-30T10:26:05+08:00 ] 127.0.0.1 /admin.php?s=Member/setting
INFO: [ app_init ] --START--
INFO: Run Behavior\BuildLiteBehavior [ RunTime:0.000029s ]
INFO: [ app_init ] --END-- [ RunTime:0.000527s ]
INFO: [ app_begin ] --START--
INFO: Run Behavior\ReadHtmlCacheBehavior [ RunTime:0.000532s ]
INFO: [ app_begin ] --END-- [ RunTime:0.000675s ]
NOTIC: [2048] Declaration of Admin\Controller\MemberController::lists() should be compatible with Admin\Controller\AdminController::lists($model, $where = Array, $order = '', $field = true) D:\wamp\www\qric\tp\Yunwan\Admin\Controller\MemberController.class.php 第 14 行.
SQL: SHOW COLUMNS FROM `ad_admin` [ RunTime:0.0300s ]
SQL: SELECT `quicklink` FROM `ad_admin` WHERE `uid` = 1 LIMIT 1   [ RunTime:0.0004s ]
SQL: SHOW COLUMNS FROM `ad_menu` [ RunTime:0.0056s ]
SQL: SELECT `id`,`title`,`url`,`icon` FROM `ad_menu` WHERE `pid` = 0 AND `hide` = 1 ORDER BY sort asc  [ RunTime:0.0004s ]
SQL: SELECT DISTINCT  `group` FROM `ad_menu` WHERE `group` <> '' AND `pid` = 2  [ RunTime:0.0005s ]
SQL: SELECT `id`,`url` FROM `ad_menu` WHERE `pid` = 2 AND `hide` = 1  [ RunTime:0.0003s ]
SQL: SELECT `id`,`pid`,`title`,`url`,`icon` FROM `ad_menu` WHERE `group` = '设置' AND `pid` = 2 AND `hide` = 1 ORDER BY sort asc  [ RunTime:0.0003s ]
SQL: SELECT DISTINCT  `group` FROM `ad_menu` WHERE `group` <> '' AND `pid` = 30  [ RunTime:0.0004s ]
SQL: SELECT `id`,`url` FROM `ad_menu` WHERE `pid` = 30 AND `hide` = 1  [ RunTime:0.0007s ]
SQL: SELECT `id`,`pid`,`title`,`url`,`icon` FROM `ad_menu` WHERE `group` = '设置' AND `pid` = 30 AND `hide` = 1 ORDER BY sort asc  [ RunTime:0.0004s ]
SQL: SELECT `id`,`pid`,`title`,`url`,`icon` FROM `ad_menu` WHERE `group` = '会员' AND `pid` = 30 AND `hide` = 1 ORDER BY sort asc  [ RunTime:0.0004s ]
SQL: SELECT DISTINCT  `group` FROM `ad_menu` WHERE `group` <> '' AND `pid` = 120  [ RunTime:0.0004s ]
SQL: SELECT `id`,`url` FROM `ad_menu` WHERE `pid` = 120 AND `hide` = 1  [ RunTime:0.0003s ]
SQL: SELECT `id`,`pid`,`title`,`url`,`icon` FROM `ad_menu` WHERE `group` = '产品' AND `pid` = 120 AND `hide` = 1 ORDER BY sort asc  [ RunTime:0.0004s ]
SQL: SELECT DISTINCT  `group` FROM `ad_menu` WHERE `group` <> '' AND `pid` = 75  [ RunTime:0.0004s ]
SQL: SELECT `id`,`url` FROM `ad_menu` WHERE `pid` = 75 AND `hide` = 1  [ RunTime:0.0004s ]
SQL: SELECT `id`,`pid`,`title`,`url`,`icon` FROM `ad_menu` WHERE `group` = '扩展' AND `pid` = 75 AND `hide` = 1 ORDER BY sort asc  [ RunTime:0.0004s ]
SQL: SHOW COLUMNS FROM `ad_member_module` [ RunTime:0.0034s ]
SQL: SELECT `id`,`name`,`email_auth`,`mobile_auth`,`user_auth`,`status` FROM `ad_member_module` WHERE `status` = 1 ORDER BY id asc  [ RunTime:0.0003s ]
INFO: [ view_parse ] --START--
INFO: [ template_filter ] --START--
INFO: Run Behavior\ContentReplaceBehavior [ RunTime:0.000130s ]
INFO: [ template_filter ] --END-- [ RunTime:0.000265s ]
INFO: Run Behavior\ParseTemplateBehavior [ RunTime:0.011677s ]
INFO: [ view_parse ] --END-- [ RunTime:0.011811s ]
INFO: [ view_filter ] --START--
INFO: Run Behavior\WriteHtmlCacheBehavior [ RunTime:0.000339s ]
INFO: [ view_filter ] --END-- [ RunTime:0.000459s ]
INFO: [ app_end ] --START--
INFO: Run Behavior\ShowPageTraceBehavior [ RunTime:0.000555s ]
INFO: [ app_end ] --END-- [ RunTime:0.000687s ]

[ 2016-06-30T10:26:05+08:00 ] 127.0.0.1 /admin.php?s=Product/lists
INFO: [ app_init ] --START--
INFO: Run Behavior\BuildLiteBehavior [ RunTime:0.000028s ]
INFO: [ app_init ] --END-- [ RunTime:0.000504s ]
INFO: [ app_begin ] --START--
INFO: Run Behavior\ReadHtmlCacheBehavior [ RunTime:0.000512s ]
INFO: [ app_begin ] --END-- [ RunTime:0.000658s ]
INFO: [ view_parse ] --START--
INFO: [ template_filter ] --START--
INFO: Run Behavior\ContentReplaceBehavior [ RunTime:0.000197s ]
INFO: [ template_filter ] --END-- [ RunTime:0.000370s ]
INFO: Run Behavior\ParseTemplateBehavior [ RunTime:0.033756s ]
INFO: [ view_parse ] --END-- [ RunTime:0.033889s ]
INFO: [ view_filter ] --START--
INFO: Run Behavior\WriteHtmlCacheBehavior [ RunTime:0.000356s ]
INFO: [ view_filter ] --END-- [ RunTime:0.000474s ]
INFO: [ app_end ] --START--
INFO: Run Behavior\ShowPageTraceBehavior [ RunTime:0.000502s ]
INFO: [ app_end ] --END-- [ RunTime:0.000623s ]

[ 2016-06-30T10:26:07+08:00 ] 127.0.0.1 /admin.php?s=Qcode/lists
INFO: [ app_init ] --START--
INFO: Run Behavior\BuildLiteBehavior [ RunTime:0.000027s ]
INFO: [ app_init ] --END-- [ RunTime:0.000494s ]
INFO: [ app_begin ] --START--
INFO: Run Behavior\ReadHtmlCacheBehavior [ RunTime:0.000523s ]
INFO: [ app_begin ] --END-- [ RunTime:0.000656s ]
NOTIC: [2048] Declaration of Admin\Controller\QcodeController::lists() should be compatible with Admin\Controller\AdminController::lists($model, $where = Array, $order = '', $field = true) D:\wamp\www\qric\tp\Yunwan\Admin\Controller\QcodeController.class.php 第 14 行.
SQL: SHOW COLUMNS FROM `ad_admin` [ RunTime:0.0032s ]
SQL: SELECT `quicklink` FROM `ad_admin` WHERE `uid` = 1 LIMIT 1   [ RunTime:0.0004s ]
SQL: SHOW COLUMNS FROM `ad_menu` [ RunTime:0.0030s ]
SQL: SELECT `id`,`title`,`url`,`icon` FROM `ad_menu` WHERE `pid` = 0 AND `hide` = 1 ORDER BY sort asc  [ RunTime:0.0004s ]
SQL: SELECT DISTINCT  `group` FROM `ad_menu` WHERE `group` <> '' AND `pid` = 2  [ RunTime:0.0005s ]
SQL: SELECT `id`,`url` FROM `ad_menu` WHERE `pid` = 2 AND `hide` = 1  [ RunTime:0.0004s ]
SQL: SELECT `id`,`pid`,`title`,`url`,`icon` FROM `ad_menu` WHERE `group` = '设置' AND `pid` = 2 AND `hide` = 1 ORDER BY sort asc  [ RunTime:0.0004s ]
SQL: SELECT DISTINCT  `group` FROM `ad_menu` WHERE `group` <> '' AND `pid` = 30  [ RunTime:0.0006s ]
SQL: SELECT `id`,`url` FROM `ad_menu` WHERE `pid` = 30 AND `hide` = 1  [ RunTime:0.0003s ]
SQL: SELECT `id`,`pid`,`title`,`url`,`icon` FROM `ad_menu` WHERE `group` = '设置' AND `pid` = 30 AND `hide` = 1 ORDER BY sort asc  [ RunTime:0.0004s ]
SQL: SELECT `id`,`pid`,`title`,`url`,`icon` FROM `ad_menu` WHERE `group` = '会员' AND `pid` = 30 AND `hide` = 1 ORDER BY sort asc  [ RunTime:0.0003s ]
SQL: SELECT DISTINCT  `group` FROM `ad_menu` WHERE `group` <> '' AND `pid` = 120  [ RunTime:0.0004s ]
SQL: SELECT `id`,`url` FROM `ad_menu` WHERE `pid` = 120 AND `hide` = 1  [ RunTime:0.0003s ]
SQL: SELECT `id`,`pid`,`title`,`url`,`icon` FROM `ad_menu` WHERE `group` = '产品' AND `pid` = 120 AND `hide` = 1 ORDER BY sort asc  [ RunTime:0.0004s ]
SQL: SELECT DISTINCT  `group` FROM `ad_menu` WHERE `group` <> '' AND `pid` = 75  [ RunTime:0.0005s ]
SQL: SELECT `id`,`url` FROM `ad_menu` WHERE `pid` = 75 AND `hide` = 1  [ RunTime:0.0003s ]
SQL: SELECT `id`,`pid`,`title`,`url`,`icon` FROM `ad_menu` WHERE `group` = '扩展' AND `pid` = 75 AND `hide` = 1 ORDER BY sort asc  [ RunTime:0.0004s ]
SQL: SHOW COLUMNS FROM `ad_links` [ RunTime:0.0030s ]
NOTIC: [8] Undefined variable: data D:\wamp\www\qric\tp\Yunwan\Admin\Controller\QcodeController.class.php 第 24 行.
SQL: SELECT * FROM `ad_links`  [ RunTime:0.0003s ]
INFO: [ view_parse ] --START--
INFO: [ template_filter ] --START--
INFO: Run Behavior\ContentReplaceBehavior [ RunTime:0.000124s ]
INFO: [ template_filter ] --END-- [ RunTime:0.000267s ]
NOTIC: [8] Undefined variable: data D:\wamp\www\qric\tp\Runtime\Cache\Admin\b5ab7f0a95d40fe6c2417d5fb1495440.php 第 39 行.
NOTIC: [8] Undefined variable: data D:\wamp\www\qric\tp\Runtime\Cache\Admin\b5ab7f0a95d40fe6c2417d5fb1495440.php 第 41 行.
INFO: Run Behavior\ParseTemplateBehavior [ RunTime:0.033361s ]
INFO: [ view_parse ] --END-- [ RunTime:0.033487s ]
INFO: [ view_filter ] --START--
INFO: Run Behavior\WriteHtmlCacheBehavior [ RunTime:0.000359s ]
INFO: [ view_filter ] --END-- [ RunTime:0.000476s ]
INFO: [ app_end ] --START--
INFO: Run Behavior\ShowPageTraceBehavior [ RunTime:0.000497s ]
INFO: [ app_end ] --END-- [ RunTime:0.000619s ]

[ 2016-06-30T10:26:11+08:00 ] 127.0.0.1 /admin.php?s=/Qcode/daoru.html
INFO: [ app_init ] --START--
INFO: Run Behavior\BuildLiteBehavior [ RunTime:0.000030s ]
INFO: [ app_init ] --END-- [ RunTime:0.000536s ]
INFO: [ app_begin ] --START--
INFO: Run Behavior\ReadHtmlCacheBehavior [ RunTime:0.000539s ]
INFO: [ app_begin ] --END-- [ RunTime:0.000672s ]
NOTIC: [2048] Declaration of Admin\Controller\QcodeController::lists() should be compatible with Admin\Controller\AdminController::lists($model, $where = Array, $order = '', $field = true) D:\wamp\www\qric\tp\Yunwan\Admin\Controller\QcodeController.class.php 第 14 行.
SQL: SHOW COLUMNS FROM `ad_admin` [ RunTime:0.0034s ]
SQL: SELECT `quicklink` FROM `ad_admin` WHERE `uid` = 1 LIMIT 1   [ RunTime:0.0003s ]
ERR: 非法操作:daoru

[ 2016-06-30T10:26:12+08:00 ] 127.0.0.1 /admin.php?s=Qcode/lists
INFO: [ app_init ] --START--
INFO: Run Behavior\BuildLiteBehavior [ RunTime:0.000036s ]
INFO: [ app_init ] --END-- [ RunTime:0.000476s ]
INFO: [ app_begin ] --START--
INFO: Run Behavior\ReadHtmlCacheBehavior [ RunTime:0.000589s ]
INFO: [ app_begin ] --END-- [ RunTime:0.000725s ]
NOTIC: [2048] Declaration of Admin\Controller\QcodeController::lists() should be compatible with Admin\Controller\AdminController::lists($model, $where = Array, $order = '', $field = true) D:\wamp\www\qric\tp\Yunwan\Admin\Controller\QcodeController.class.php 第 14 行.
SQL: SHOW COLUMNS FROM `ad_admin` [ RunTime:0.0033s ]
SQL: SELECT `quicklink` FROM `ad_admin` WHERE `uid` = 1 LIMIT 1   [ RunTime:0.0003s ]
SQL: SHOW COLUMNS FROM `ad_links` [ RunTime:0.0062s ]
NOTIC: [8] Undefined variable: data D:\wamp\www\qric\tp\Yunwan\Admin\Controller\QcodeController.class.php 第 24 行.
SQL: SELECT * FROM `ad_links`  [ RunTime:0.0005s ]
INFO: [ view_parse ] --START--
INFO: [ template_filter ] --START--
INFO: Run Behavior\ContentReplaceBehavior [ RunTime:0.000130s ]
INFO: [ template_filter ] --END-- [ RunTime:0.000262s ]
NOTIC: [8] Undefined variable: data D:\wamp\www\qric\tp\Runtime\Cache\Admin\b5ab7f0a95d40fe6c2417d5fb1495440.php 第 39 行.
NOTIC: [8] Undefined variable: data D:\wamp\www\qric\tp\Runtime\Cache\Admin\b5ab7f0a95d40fe6c2417d5fb1495440.php 第 41 行.
INFO: Run Behavior\ParseTemplateBehavior [ RunTime:0.011798s ]
INFO: [ view_parse ] --END-- [ RunTime:0.011938s ]
INFO: [ view_filter ] --START--
INFO: Run Behavior\WriteHtmlCacheBehavior [ RunTime:0.000365s ]
INFO: [ view_filter ] --END-- [ RunTime:0.000483s ]
INFO: [ app_end ] --START--
INFO: Run Behavior\ShowPageTraceBehavior [ RunTime:0.000567s ]
INFO: [ app_end ] --END-- [ RunTime:0.000715s ]

[ 2016-06-30T10:26:13+08:00 ] 127.0.0.1 /admin.php?s=/Qcode/add.html
INFO: [ app_init ] --START--
INFO: Run Behavior\BuildLiteBehavior [ RunTime:0.000028s ]
INFO: [ app_init ] --END-- [ RunTime:0.000448s ]
INFO: [ app_begin ] --START--
INFO: Run Behavior\ReadHtmlCacheBehavior [ RunTime:0.000541s ]
INFO: [ app_begin ] --END-- [ RunTime:0.000683s ]
NOTIC: [2048] Declaration of Admin\Controller\QcodeController::lists() should be compatible with Admin\Controller\AdminController::lists($model, $where = Array, $order = '', $field = true) D:\wamp\www\qric\tp\Yunwan\Admin\Controller\QcodeController.class.php 第 14 行.
SQL: SHOW COLUMNS FROM `ad_admin` [ RunTime:0.0034s ]
SQL: SELECT `quicklink` FROM `ad_admin` WHERE `uid` = 1 LIMIT 1   [ RunTime:0.0004s ]
SQL: SHOW COLUMNS FROM `ad_city` [ RunTime:0.0029s ]
SQL: SELECT * FROM `ad_city`  [ RunTime:0.0003s ]
INFO: [ view_parse ] --START--
INFO: [ template_filter ] --START--
INFO: Run Behavior\ContentReplaceBehavior [ RunTime:0.000127s ]
INFO: [ template_filter ] --END-- [ RunTime:0.000346s ]
NOTIC: [8] Undefined variable: info D:\wamp\www\qric\tp\Runtime\Cache\Admin\144f0ed8215a3951d3a22a4208dff49b.php 第 53 行.
NOTIC: [8] Undefined variable: info D:\wamp\www\qric\tp\Runtime\Cache\Admin\144f0ed8215a3951d3a22a4208dff49b.php 第 62 行.
NOTIC: [8] Undefined variable: info D:\wamp\www\qric\tp\Runtime\Cache\Admin\144f0ed8215a3951d3a22a4208dff49b.php 第 71 行.
NOTIC: [8] Undefined variable: info D:\wamp\www\qric\tp\Runtime\Cache\Admin\144f0ed8215a3951d3a22a4208dff49b.php 第 82 行.
NOTIC: [8] Undefined variable: info D:\wamp\www\qric\tp\Runtime\Cache\Admin\144f0ed8215a3951d3a22a4208dff49b.php 第 83 行.
NOTIC: [8] Undefined variable: info D:\wamp\www\qric\tp\Runtime\Cache\Admin\144f0ed8215a3951d3a22a4208dff49b.php 第 84 行.
NOTIC: [8] Undefined variable: info D:\wamp\www\qric\tp\Runtime\Cache\Admin\144f0ed8215a3951d3a22a4208dff49b.php 第 85 行.
NOTIC: [8] Undefined variable: info D:\wamp\www\qric\tp\Runtime\Cache\Admin\144f0ed8215a3951d3a22a4208dff49b.php 第 91 行.
INFO: Run Behavior\ParseTemplateBehavior [ RunTime:0.040486s ]
INFO: [ view_parse ] --END-- [ RunTime:0.040617s ]
INFO: [ view_filter ] --START--
INFO: Run Behavior\WriteHtmlCacheBehavior [ RunTime:0.000543s ]
INFO: [ view_filter ] --END-- [ RunTime:0.000738s ]
INFO: [ app_end ] --START--
INFO: Run Behavior\ShowPageTraceBehavior [ RunTime:0.000560s ]
INFO: [ app_end ] --END-- [ RunTime:0.000687s ]

[ 2016-06-30T10:26:16+08:00 ] 127.0.0.1 /admin.php?s=Qcode/lists
INFO: [ app_init ] --START--
INFO: Run Behavior\BuildLiteBehavior [ RunTime:0.000032s ]
INFO: [ app_init ] --END-- [ RunTime:0.000580s ]
INFO: [ app_begin ] --START--
INFO: Run Behavior\ReadHtmlCacheBehavior [ RunTime:0.000528s ]
INFO: [ app_begin ] --END-- [ RunTime:0.000667s ]
NOTIC: [2048] Declaration of Admin\Controller\QcodeController::lists() should be compatible with Admin\Controller\AdminController::lists($model, $where = Array, $order = '', $field = true) D:\wamp\www\qric\tp\Yunwan\Admin\Controller\QcodeController.class.php 第 14 行.
SQL: SHOW COLUMNS FROM `ad_admin` [ RunTime:0.0945s ]
SQL: SELECT `quicklink` FROM `ad_admin` WHERE `uid` = 1 LIMIT 1   [ RunTime:0.0003s ]
SQL: SHOW COLUMNS FROM `ad_links` [ RunTime:0.2056s ]
NOTIC: [8] Undefined variable: data D:\wamp\www\qric\tp\Yunwan\Admin\Controller\QcodeController.class.php 第 24 行.
SQL: SELECT * FROM `ad_links`  [ RunTime:0.0004s ]
INFO: [ view_parse ] --START--
INFO: [ template_filter ] --START--
INFO: Run Behavior\ContentReplaceBehavior [ RunTime:0.000139s ]
INFO: [ template_filter ] --END-- [ RunTime:0.000286s ]
NOTIC: [8] Undefined variable: data D:\wamp\www\qric\tp\Runtime\Cache\Admin\b5ab7f0a95d40fe6c2417d5fb1495440.php 第 39 行.
NOTIC: [8] Undefined variable: data D:\wamp\www\qric\tp\Runtime\Cache\Admin\b5ab7f0a95d40fe6c2417d5fb1495440.php 第 41 行.
INFO: Run Behavior\ParseTemplateBehavior [ RunTime:0.014373s ]
INFO: [ view_parse ] --END-- [ RunTime:0.014533s ]
INFO: [ view_filter ] --START--
INFO: Run Behavior\WriteHtmlCacheBehavior [ RunTime:0.000475s ]
INFO: [ view_filter ] --END-- [ RunTime:0.000607s ]
INFO: [ app_end ] --START--
INFO: Run Behavior\ShowPageTraceBehavior [ RunTime:0.000651s ]
INFO: [ app_end ] --END-- [ RunTime:0.000787s ]

[ 2016-06-30T10:38:05+08:00 ] 127.0.0.1 /admin.php?s=Category/lists
INFO: [ app_init ] --START--
INFO: Run Behavior\BuildLiteBehavior [ RunTime:0.000029s ]
INFO: [ app_init ] --END-- [ RunTime:0.000557s ]
INFO: [ app_begin ] --START--
INFO: Run Behavior\ReadHtmlCacheBehavior [ RunTime:0.000698s ]
INFO: [ app_begin ] --END-- [ RunTime:0.000846s ]
NOTIC: [2048] Declaration of Admin\Controller\CategoryController::lists() should be compatible with Admin\Controller\AdminController::lists($model, $where = Array, $order = '', $field = true) D:\wamp\www\qric\tp\Yunwan\Admin\Controller\CategoryController.class.php 第 14 行.
SQL: SHOW COLUMNS FROM `ad_admin` [ RunTime:0.0137s ]
SQL: SELECT `quicklink` FROM `ad_admin` WHERE `uid` = 1 LIMIT 1   [ RunTime:0.0004s ]
SQL: SHOW COLUMNS FROM `ad_menu` [ RunTime:0.0033s ]
SQL: SELECT `id`,`title`,`url`,`icon` FROM `ad_menu` WHERE `pid` = 0 AND `hide` = 1 ORDER BY sort asc  [ RunTime:0.0004s ]
SQL: SELECT DISTINCT  `group` FROM `ad_menu` WHERE `group` <> '' AND `pid` = 2  [ RunTime:0.0004s ]
SQL: SELECT `id`,`url` FROM `ad_menu` WHERE `pid` = 2 AND `hide` = 1  [ RunTime:0.0003s ]
SQL: SELECT `id`,`pid`,`title`,`url`,`icon` FROM `ad_menu` WHERE `group` = '设置' AND `pid` = 2 AND `hide` = 1 ORDER BY sort asc  [ RunTime:0.0004s ]
SQL: SELECT DISTINCT  `group` FROM `ad_menu` WHERE `group` <> '' AND `pid` = 30  [ RunTime:0.0005s ]
SQL: SELECT `id`,`url` FROM `ad_menu` WHERE `pid` = 30 AND `hide` = 1  [ RunTime:0.0003s ]
SQL: SELECT `id`,`pid`,`title`,`url`,`icon` FROM `ad_menu` WHERE `group` = '设置' AND `pid` = 30 AND `hide` = 1 ORDER BY sort asc  [ RunTime:0.0003s ]
SQL: SELECT `id`,`pid`,`title`,`url`,`icon` FROM `ad_menu` WHERE `group` = '会员' AND `pid` = 30 AND `hide` = 1 ORDER BY sort asc  [ RunTime:0.0004s ]
SQL: SELECT DISTINCT  `group` FROM `ad_menu` WHERE `group` <> '' AND `pid` = 120  [ RunTime:0.0004s ]
SQL: SELECT `id`,`url` FROM `ad_menu` WHERE `pid` = 120 AND `hide` = 1  [ RunTime:0.0003s ]
SQL: SELECT `id`,`pid`,`title`,`url`,`icon` FROM `ad_menu` WHERE `group` = '产品' AND `pid` = 120 AND `hide` = 1 ORDER BY sort asc  [ RunTime:0.0003s ]
SQL: SELECT DISTINCT  `group` FROM `ad_menu` WHERE `group` <> '' AND `pid` = 75  [ RunTime:0.0004s ]
SQL: SELECT `id`,`url` FROM `ad_menu` WHERE `pid` = 75 AND `hide` = 1  [ RunTime:0.0002s ]
SQL: SELECT `id`,`pid`,`title`,`url`,`icon` FROM `ad_menu` WHERE `group` = '扩展' AND `pid` = 75 AND `hide` = 1 ORDER BY sort asc  [ RunTime:0.0003s ]
SQL: SHOW COLUMNS FROM `ad_links` [ RunTime:0.0033s ]
NOTIC: [8] Undefined variable: data D:\wamp\www\qric\tp\Yunwan\Admin\Controller\CategoryController.class.php 第 24 行.
SQL: SELECT * FROM `ad_links`  [ RunTime:0.0003s ]
INFO: [ view_parse ] --START--
INFO: [ template_filter ] --START--
INFO: Run Behavior\ContentReplaceBehavior [ RunTime:0.000165s ]
INFO: [ template_filter ] --END-- [ RunTime:0.000311s ]
NOTIC: [8] Undefined variable: data D:\wamp\www\qric\tp\Runtime\Cache\Admin\11783f4d58bdf3cb20df94d0aab0e010.php 第 39 行.
NOTIC: [8] Undefined variable: data D:\wamp\www\qric\tp\Runtime\Cache\Admin\11783f4d58bdf3cb20df94d0aab0e010.php 第 41 行.
INFO: Run Behavior\ParseTemplateBehavior [ RunTime:0.013156s ]
INFO: [ view_parse ] --END-- [ RunTime:0.013355s ]
INFO: [ view_filter ] --START--
INFO: Run Behavior\WriteHtmlCacheBehavior [ RunTime:0.000464s ]
INFO: [ view_filter ] --END-- [ RunTime:0.000598s ]
INFO: [ app_end ] --START--
INFO: Run Behavior\ShowPageTraceBehavior [ RunTime:0.000586s ]
INFO: [ app_end ] --END-- [ RunTime:0.000712s ]

[ 2016-06-30T10:39:18+08:00 ] 127.0.0.1 /admin.php?s=Config/setting
INFO: [ app_init ] --START--
INFO: Run Behavior\BuildLiteBehavior [ RunTime:0.000030s ]
INFO: [ app_init ] --END-- [ RunTime:0.000520s ]
INFO: [ app_begin ] --START--
INFO: Run Behavior\ReadHtmlCacheBehavior [ RunTime:0.000557s ]
INFO: [ app_begin ] --END-- [ RunTime:0.000695s ]
SQL: SHOW COLUMNS FROM `ad_admin` [ RunTime:0.0031s ]
SQL: SELECT `quicklink` FROM `ad_admin` WHERE `uid` = 1 LIMIT 1   [ RunTime:0.0003s ]
SQL: SHOW COLUMNS FROM `ad_menu` [ RunTime:0.0026s ]
SQL: SELECT `id`,`title`,`url`,`icon` FROM `ad_menu` WHERE `pid` = 0 AND `hide` = 1 ORDER BY sort asc  [ RunTime:0.0004s ]
SQL: SELECT DISTINCT  `group` FROM `ad_menu` WHERE `group` <> '' AND `pid` = 2  [ RunTime:0.0003s ]
SQL: SELECT `id`,`url` FROM `ad_menu` WHERE `pid` = 2 AND `hide` = 1  [ RunTime:0.0003s ]
SQL: SELECT `id`,`pid`,`title`,`url`,`icon` FROM `ad_menu` WHERE `group` = '设置' AND `pid` = 2 AND `hide` = 1 ORDER BY sort asc  [ RunTime:0.0004s ]
SQL: SELECT DISTINCT  `group` FROM `ad_menu` WHERE `group` <> '' AND `pid` = 30  [ RunTime:0.0005s ]
SQL: SELECT `id`,`url` FROM `ad_menu` WHERE `pid` = 30 AND `hide` = 1  [ RunTime:0.0003s ]
SQL: SELECT `id`,`pid`,`title`,`url`,`icon` FROM `ad_menu` WHERE `group` = '设置' AND `pid` = 30 AND `hide` = 1 ORDER BY sort asc  [ RunTime:0.0004s ]
SQL: SELECT `id`,`pid`,`title`,`url`,`icon` FROM `ad_menu` WHERE `group` = '会员' AND `pid` = 30 AND `hide` = 1 ORDER BY sort asc  [ RunTime:0.0003s ]
SQL: SELECT DISTINCT  `group` FROM `ad_menu` WHERE `group` <> '' AND `pid` = 120  [ RunTime:0.0004s ]
SQL: SELECT `id`,`url` FROM `ad_menu` WHERE `pid` = 120 AND `hide` = 1  [ RunTime:0.0003s ]
SQL: SELECT `id`,`pid`,`title`,`url`,`icon` FROM `ad_menu` WHERE `group` = '产品' AND `pid` = 120 AND `hide` = 1 ORDER BY sort asc  [ RunTime:0.0003s ]
SQL: SELECT DISTINCT  `group` FROM `ad_menu` WHERE `group` <> '' AND `pid` = 75  [ RunTime:0.0003s ]
SQL: SELECT `id`,`url` FROM `ad_menu` WHERE `pid` = 75 AND `hide` = 1  [ RunTime:0.0003s ]
SQL: SELECT `id`,`pid`,`title`,`url`,`icon` FROM `ad_menu` WHERE `group` = '扩展' AND `pid` = 75 AND `hide` = 1 ORDER BY sort asc  [ RunTime:0.0003s ]
INFO: [ view_parse ] --START--
INFO: [ template_filter ] --START--
INFO: Run Behavior\ContentReplaceBehavior [ RunTime:0.000182s ]
INFO: [ template_filter ] --END-- [ RunTime:0.000322s ]
INFO: Run Behavior\ParseTemplateBehavior [ RunTime:0.009615s ]
INFO: [ view_parse ] --END-- [ RunTime:0.009753s ]
INFO: [ view_filter ] --START--
INFO: Run Behavior\WriteHtmlCacheBehavior [ RunTime:0.000358s ]
INFO: [ view_filter ] --END-- [ RunTime:0.000479s ]
INFO: [ app_end ] --START--
INFO: Run Behavior\ShowPageTraceBehavior [ RunTime:0.000475s ]
INFO: [ app_end ] --END-- [ RunTime:0.000601s ]

[ 2016-06-30T10:39:19+08:00 ] 127.0.0.1 /admin.php?s=Member/setting
INFO: [ app_init ] --START--
INFO: Run Behavior\BuildLiteBehavior [ RunTime:0.000030s ]
INFO: [ app_init ] --END-- [ RunTime:0.000504s ]
INFO: [ app_begin ] --START--
INFO: Run Behavior\ReadHtmlCacheBehavior [ RunTime:0.000558s ]
INFO: [ app_begin ] --END-- [ RunTime:0.000700s ]
NOTIC: [2048] Declaration of Admin\Controller\MemberController::lists() should be compatible with Admin\Controller\AdminController::lists($model, $where = Array, $order = '', $field = true) D:\wamp\www\qric\tp\Yunwan\Admin\Controller\MemberController.class.php 第 14 行.
SQL: SHOW COLUMNS FROM `ad_admin` [ RunTime:0.0033s ]
SQL: SELECT `quicklink` FROM `ad_admin` WHERE `uid` = 1 LIMIT 1   [ RunTime:0.0003s ]
SQL: SHOW COLUMNS FROM `ad_member_module` [ RunTime:0.0027s ]
SQL: SELECT `id`,`name`,`email_auth`,`mobile_auth`,`user_auth`,`status` FROM `ad_member_module` WHERE `status` = 1 ORDER BY id asc  [ RunTime:0.0004s ]
INFO: [ view_parse ] --START--
INFO: [ template_filter ] --START--
INFO: Run Behavior\ContentReplaceBehavior [ RunTime:0.000130s ]
INFO: [ template_filter ] --END-- [ RunTime:0.000264s ]
INFO: Run Behavior\ParseTemplateBehavior [ RunTime:0.010264s ]
INFO: [ view_parse ] --END-- [ RunTime:0.010393s ]
INFO: [ view_filter ] --START--
INFO: Run Behavior\WriteHtmlCacheBehavior [ RunTime:0.000398s ]
INFO: [ view_filter ] --END-- [ RunTime:0.000517s ]
INFO: [ app_end ] --START--
INFO: Run Behavior\ShowPageTraceBehavior [ RunTime:0.000528s ]
INFO: [ app_end ] --END-- [ RunTime:0.000651s ]

[ 2016-06-30T10:39:20+08:00 ] 127.0.0.1 /admin.php?s=Product/lists
INFO: [ app_init ] --START--
INFO: Run Behavior\BuildLiteBehavior [ RunTime:0.000028s ]
INFO: [ app_init ] --END-- [ RunTime:0.000519s ]
INFO: [ app_begin ] --START--
INFO: Run Behavior\ReadHtmlCacheBehavior [ RunTime:0.000538s ]
INFO: [ app_begin ] --END-- [ RunTime:0.000672s ]
INFO: [ view_parse ] --START--
INFO: [ template_filter ] --START--
INFO: Run Behavior\ContentReplaceBehavior [ RunTime:0.000094s ]
INFO: [ template_filter ] --END-- [ RunTime:0.000233s ]
INFO: Run Behavior\ParseTemplateBehavior [ RunTime:0.006158s ]
INFO: [ view_parse ] --END-- [ RunTime:0.006291s ]
INFO: [ view_filter ] --START--
INFO: Run Behavior\WriteHtmlCacheBehavior [ RunTime:0.000347s ]
INFO: [ view_filter ] --END-- [ RunTime:0.000471s ]
INFO: [ app_end ] --START--
INFO: Run Behavior\ShowPageTraceBehavior [ RunTime:0.000544s ]
INFO: [ app_end ] --END-- [ RunTime:0.000671s ]

[ 2016-06-30T10:39:21+08:00 ] 127.0.0.1 /admin.php?s=Nav/lists
INFO: [ app_init ] --START--
INFO: Run Behavior\BuildLiteBehavior [ RunTime:0.000028s ]
INFO: [ app_init ] --END-- [ RunTime:0.000499s ]
INFO: [ app_begin ] --START--
INFO: Run Behavior\ReadHtmlCacheBehavior [ RunTime:0.000518s ]
INFO: [ app_begin ] --END-- [ RunTime:0.000653s ]
NOTIC: [2048] Declaration of Admin\Controller\NavController::lists() should be compatible with Admin\Controller\AdminController::lists($model, $where = Array, $order = '', $field = true) D:\wamp\www\qric\tp\Yunwan\Admin\Controller\NavController.class.php 第 14 行.
SQL: SHOW COLUMNS FROM `ad_admin` [ RunTime:0.0133s ]
SQL: SELECT `quicklink` FROM `ad_admin` WHERE `uid` = 1 LIMIT 1   [ RunTime:0.0003s ]
SQL: SHOW COLUMNS FROM `ad_menu` [ RunTime:0.0029s ]
SQL: SELECT `id`,`title`,`url`,`icon` FROM `ad_menu` WHERE `pid` = 0 AND `hide` = 1 ORDER BY sort asc  [ RunTime:0.0004s ]
SQL: SELECT DISTINCT  `group` FROM `ad_menu` WHERE `group` <> '' AND `pid` = 2  [ RunTime:0.0003s ]
SQL: SELECT `id`,`url` FROM `ad_menu` WHERE `pid` = 2 AND `hide` = 1  [ RunTime:0.0003s ]
SQL: SELECT `id`,`pid`,`title`,`url`,`icon` FROM `ad_menu` WHERE `group` = '设置' AND `pid` = 2 AND `hide` = 1 ORDER BY sort asc  [ RunTime:0.0003s ]
SQL: SELECT DISTINCT  `group` FROM `ad_menu` WHERE `group` <> '' AND `pid` = 30  [ RunTime:0.0004s ]
SQL: SELECT `id`,`url` FROM `ad_menu` WHERE `pid` = 30 AND `hide` = 1  [ RunTime:0.0004s ]
SQL: SELECT `id`,`pid`,`title`,`url`,`icon` FROM `ad_menu` WHERE `group` = '设置' AND `pid` = 30 AND `hide` = 1 ORDER BY sort asc  [ RunTime:0.0004s ]
SQL: SELECT `id`,`pid`,`title`,`url`,`icon` FROM `ad_menu` WHERE `group` = '会员' AND `pid` = 30 AND `hide` = 1 ORDER BY sort asc  [ RunTime:0.0004s ]
SQL: SELECT DISTINCT  `group` FROM `ad_menu` WHERE `group` <> '' AND `pid` = 120  [ RunTime:0.0004s ]
SQL: SELECT `id`,`url` FROM `ad_menu` WHERE `pid` = 120 AND `hide` = 1  [ RunTime:0.0003s ]
SQL: SELECT `id`,`pid`,`title`,`url`,`icon` FROM `ad_menu` WHERE `group` = '产品' AND `pid` = 120 AND `hide` = 1 ORDER BY sort asc  [ RunTime:0.0003s ]
SQL: SELECT DISTINCT  `group` FROM `ad_menu` WHERE `group` <> '' AND `pid` = 75  [ RunTime:0.0004s ]
SQL: SELECT `id`,`url` FROM `ad_menu` WHERE `pid` = 75 AND `hide` = 1  [ RunTime:0.0003s ]
SQL: SELECT `id`,`pid`,`title`,`url`,`icon` FROM `ad_menu` WHERE `group` = '扩展' AND `pid` = 75 AND `hide` = 1 ORDER BY sort asc  [ RunTime:0.0003s ]
SQL: SHOW COLUMNS FROM `ad_nav` [ RunTime:0.0035s ]
NOTIC: [8] Undefined variable: where D:\wamp\www\qric\tp\Yunwan\Admin\Controller\NavController.class.php 第 19 行.
SQL: SELECT * FROM `ad_nav` ORDER BY sort asc  [ RunTime:0.0003s ]
INFO: [ view_parse ] --START--
INFO: [ template_filter ] --START--
INFO: Run Behavior\ContentReplaceBehavior [ RunTime:0.000134s ]
INFO: [ template_filter ] --END-- [ RunTime:0.000278s ]
NOTIC: [8] Undefined variable: data D:\wamp\www\qric\tp\Runtime\Cache\Admin\0a476f22e9e32b26aedff89a65b5f83d.php 第 39 行.
NOTIC: [8] Undefined variable: data D:\wamp\www\qric\tp\Runtime\Cache\Admin\0a476f22e9e32b26aedff89a65b5f83d.php 第 41 行.
NOTIC: [8] Undefined variable: data D:\wamp\www\qric\tp\Runtime\Cache\Admin\0a476f22e9e32b26aedff89a65b5f83d.php 第 109 行.
INFO: Run Behavior\ParseTemplateBehavior [ RunTime:0.016101s ]
INFO: [ view_parse ] --END-- [ RunTime:0.016253s ]
INFO: [ view_filter ] --START--
INFO: Run Behavior\WriteHtmlCacheBehavior [ RunTime:0.000443s ]
INFO: [ view_filter ] --END-- [ RunTime:0.000572s ]
INFO: [ app_end ] --START--
INFO: Run Behavior\ShowPageTraceBehavior [ RunTime:0.000589s ]
INFO: [ app_end ] --END-- [ RunTime:0.000721s ]

[ 2016-06-30T10:39:22+08:00 ] 127.0.0.1 /admin.php?s=Product/lists
INFO: [ app_init ] --START--
INFO: Run Behavior\BuildLiteBehavior [ RunTime:0.000030s ]
INFO: [ app_init ] --END-- [ RunTime:0.000507s ]
INFO: [ app_begin ] --START--
INFO: Run Behavior\ReadHtmlCacheBehavior [ RunTime:0.000577s ]
INFO: [ app_begin ] --END-- [ RunTime:0.000712s ]
INFO: [ view_parse ] --START--
INFO: [ template_filter ] --START--
INFO: Run Behavior\ContentReplaceBehavior [ RunTime:0.000089s ]
INFO: [ template_filter ] --END-- [ RunTime:0.000228s ]
INFO: Run Behavior\ParseTemplateBehavior [ RunTime:0.006222s ]
INFO: [ view_parse ] --END-- [ RunTime:0.006355s ]
INFO: [ view_filter ] --START--
INFO: Run Behavior\WriteHtmlCacheBehavior [ RunTime:0.000353s ]
INFO: [ view_filter ] --END-- [ RunTime:0.000478s ]
INFO: [ app_end ] --START--
INFO: Run Behavior\ShowPageTraceBehavior [ RunTime:0.000513s ]
INFO: [ app_end ] --END-- [ RunTime:0.000642s ]

[ 2016-06-30T10:39:23+08:00 ] 127.0.0.1 /admin.php?s=Member/setting
INFO: [ app_init ] --START--
INFO: Run Behavior\BuildLiteBehavior [ RunTime:0.000030s ]
INFO: [ app_init ] --END-- [ RunTime:0.000523s ]
INFO: [ app_begin ] --START--
INFO: Run Behavior\ReadHtmlCacheBehavior [ RunTime:0.000557s ]
INFO: [ app_begin ] --END-- [ RunTime:0.000694s ]
NOTIC: [2048] Declaration of Admin\Controller\MemberController::lists() should be compatible with Admin\Controller\AdminController::lists($model, $where = Array, $order = '', $field = true) D:\wamp\www\qric\tp\Yunwan\Admin\Controller\MemberController.class.php 第 14 行.
SQL: SHOW COLUMNS FROM `ad_admin` [ RunTime:0.0034s ]
SQL: SELECT `quicklink` FROM `ad_admin` WHERE `uid` = 1 LIMIT 1   [ RunTime:0.0004s ]
SQL: SHOW COLUMNS FROM `ad_member_module` [ RunTime:0.0036s ]
SQL: SELECT `id`,`name`,`email_auth`,`mobile_auth`,`user_auth`,`status` FROM `ad_member_module` WHERE `status` = 1 ORDER BY id asc  [ RunTime:0.0003s ]
INFO: [ view_parse ] --START--
INFO: [ template_filter ] --START--
INFO: Run Behavior\ContentReplaceBehavior [ RunTime:0.000121s ]
INFO: [ template_filter ] --END-- [ RunTime:0.000242s ]
INFO: Run Behavior\ParseTemplateBehavior [ RunTime:0.010050s ]
INFO: [ view_parse ] --END-- [ RunTime:0.010193s ]
INFO: [ view_filter ] --START--
INFO: Run Behavior\WriteHtmlCacheBehavior [ RunTime:0.000365s ]
INFO: [ view_filter ] --END-- [ RunTime:0.000515s ]
INFO: [ app_end ] --START--
INFO: Run Behavior\ShowPageTraceBehavior [ RunTime:0.000546s ]
INFO: [ app_end ] --END-- [ RunTime:0.000674s ]

[ 2016-06-30T10:39:25+08:00 ] 127.0.0.1 /admin.php?s=Member/points
INFO: [ app_init ] --START--
INFO: Run Behavior\BuildLiteBehavior [ RunTime:0.000030s ]
INFO: [ app_init ] --END-- [ RunTime:0.000533s ]
INFO: [ app_begin ] --START--
INFO: Run Behavior\ReadHtmlCacheBehavior [ RunTime:0.000517s ]
INFO: [ app_begin ] --END-- [ RunTime:0.000651s ]
NOTIC: [2048] Declaration of Admin\Controller\MemberController::lists() should be compatible with Admin\Controller\AdminController::lists($model, $where = Array, $order = '', $field = true) D:\wamp\www\qric\tp\Yunwan\Admin\Controller\MemberController.class.php 第 14 行.
SQL: SHOW COLUMNS FROM `ad_admin` [ RunTime:0.0033s ]
SQL: SELECT `quicklink` FROM `ad_admin` WHERE `uid` = 1 LIMIT 1   [ RunTime:0.0003s ]
SQL: SHOW COLUMNS FROM `ad_points_log` [ RunTime:0.0779s ]
SQL: SELECT * FROM `ad_points_log` ORDER BY pl_id desc  [ RunTime:0.0006s ]
INFO: [ view_parse ] --START--
INFO: [ template_filter ] --START--
INFO: Run Behavior\ContentReplaceBehavior [ RunTime:0.000136s ]
INFO: [ template_filter ] --END-- [ RunTime:0.000284s ]
NOTIC: [8] Undefined index: id D:\wamp\www\qric\tp\Runtime\Cache\Admin\f34fa28f66bf31ce7338f9ec129e7c45.php 第 78 行.
SQL: SHOW COLUMNS FROM `ad_member` [ RunTime:0.0324s ]
SQL: SELECT * FROM `ad_member` WHERE `uid` = 9 LIMIT 1   [ RunTime:0.0003s ]
SQL: SHOW COLUMNS FROM `ad_admin` [ RunTime:0.0029s ]
SQL: SELECT * FROM `ad_admin` WHERE `uid` = 1 LIMIT 1   [ RunTime:0.0003s ]
NOTIC: [8] Undefined index: id D:\wamp\www\qric\tp\Runtime\Cache\Admin\f34fa28f66bf31ce7338f9ec129e7c45.php 第 78 行.
SQL: SELECT * FROM `ad_member` WHERE `uid` = 13 LIMIT 1   [ RunTime:0.0002s ]
SQL: SELECT * FROM `ad_admin` WHERE `uid` = 0 LIMIT 1   [ RunTime:0.0002s ]
NOTIC: [8] Undefined index: id D:\wamp\www\qric\tp\Runtime\Cache\Admin\f34fa28f66bf31ce7338f9ec129e7c45.php 第 78 行.
SQL: SELECT * FROM `ad_member` WHERE `uid` = 13 LIMIT 1   [ RunTime:0.0002s ]
SQL: SELECT * FROM `ad_admin` WHERE `uid` = 0 LIMIT 1   [ RunTime:0.0002s ]
NOTIC: [8] Undefined index: id D:\wamp\www\qric\tp\Runtime\Cache\Admin\f34fa28f66bf31ce7338f9ec129e7c45.php 第 78 行.
SQL: SELECT * FROM `ad_member` WHERE `uid` = 1 LIMIT 1   [ RunTime:0.0002s ]
SQL: SELECT * FROM `ad_admin` WHERE `uid` = 0 LIMIT 1   [ RunTime:0.0003s ]
NOTIC: [8] Undefined index: id D:\wamp\www\qric\tp\Runtime\Cache\Admin\f34fa28f66bf31ce7338f9ec129e7c45.php 第 78 行.
SQL: SELECT * FROM `ad_member` WHERE `uid` = 13 LIMIT 1   [ RunTime:0.0003s ]
SQL: SELECT * FROM `ad_admin` WHERE `uid` = 0 LIMIT 1   [ RunTime:0.0003s ]
NOTIC: [8] Undefined index: id D:\wamp\www\qric\tp\Runtime\Cache\Admin\f34fa28f66bf31ce7338f9ec129e7c45.php 第 78 行.
SQL: SELECT * FROM `ad_member` WHERE `uid` = 13 LIMIT 1   [ RunTime:0.0003s ]
SQL: SELECT * FROM `ad_admin` WHERE `uid` = 0 LIMIT 1   [ RunTime:0.0003s ]
NOTIC: [8] Undefined index: id D:\wamp\www\qric\tp\Runtime\Cache\Admin\f34fa28f66bf31ce7338f9ec129e7c45.php 第 78 行.
SQL: SELECT * FROM `ad_member` WHERE `uid` = 13 LIMIT 1   [ RunTime:0.0003s ]
SQL: SELECT * FROM `ad_admin` WHERE `uid` = 0 LIMIT 1   [ RunTime:0.0003s ]
NOTIC: [8] Undefined index: id D:\wamp\www\qric\tp\Runtime\Cache\Admin\f34fa28f66bf31ce7338f9ec129e7c45.php 第 78 行.
SQL: SELECT * FROM `ad_member` WHERE `uid` = 13 LIMIT 1   [ RunTime:0.0003s ]
SQL: SELECT * FROM `ad_admin` WHERE `uid` = 0 LIMIT 1   [ RunTime:0.0003s ]
NOTIC: [8] Undefined index: id D:\wamp\www\qric\tp\Runtime\Cache\Admin\f34fa28f66bf31ce7338f9ec129e7c45.php 第 78 行.
SQL: SELECT * FROM `ad_member` WHERE `uid` = 13 LIMIT 1   [ RunTime:0.0003s ]
SQL: SELECT * FROM `ad_admin` WHERE `uid` = 0 LIMIT 1   [ RunTime:0.0003s ]
NOTIC: [8] Undefined index: id D:\wamp\www\qric\tp\Runtime\Cache\Admin\f34fa28f66bf31ce7338f9ec129e7c45.php 第 78 行.
SQL: SELECT * FROM `ad_member` WHERE `uid` = 13 LIMIT 1   [ RunTime:0.0003s ]
SQL: SELECT * FROM `ad_admin` WHERE `uid` = 0 LIMIT 1   [ RunTime:0.0003s ]
NOTIC: [8] Undefined index: id D:\wamp\www\qric\tp\Runtime\Cache\Admin\f34fa28f66bf31ce7338f9ec129e7c45.php 第 78 行.
SQL: SELECT * FROM `ad_member` WHERE `uid` = 13 LIMIT 1   [ RunTime:0.0003s ]
SQL: SELECT * FROM `ad_admin` WHERE `uid` = 0 LIMIT 1   [ RunTime:0.0003s ]
NOTIC: [8] Undefined index: id D:\wamp\www\qric\tp\Runtime\Cache\Admin\f34fa28f66bf31ce7338f9ec129e7c45.php 第 78 行.
SQL: SELECT * FROM `ad_member` WHERE `uid` = 13 LIMIT 1   [ RunTime:0.0003s ]
SQL: SELECT * FROM `ad_admin` WHERE `uid` = 0 LIMIT 1   [ RunTime:0.0003s ]
NOTIC: [8] Undefined index: id D:\wamp\www\qric\tp\Runtime\Cache\Admin\f34fa28f66bf31ce7338f9ec129e7c45.php 第 78 行.
SQL: SELECT * FROM `ad_member` WHERE `uid` = 13 LIMIT 1   [ RunTime:0.0003s ]
SQL: SELECT * FROM `ad_admin` WHERE `uid` = 0 LIMIT 1   [ RunTime:0.0003s ]
NOTIC: [8] Undefined index: id D:\wamp\www\qric\tp\Runtime\Cache\Admin\f34fa28f66bf31ce7338f9ec129e7c45.php 第 78 行.
SQL: SELECT * FROM `ad_member` WHERE `uid` = 13 LIMIT 1   [ RunTime:0.0003s ]
SQL: SELECT * FROM `ad_admin` WHERE `uid` = 0 LIMIT 1   [ RunTime:0.0004s ]
NOTIC: [8] Undefined index: id D:\wamp\www\qric\tp\Runtime\Cache\Admin\f34fa28f66bf31ce7338f9ec129e7c45.php 第 78 行.
SQL: SELECT * FROM `ad_member` WHERE `uid` = 13 LIMIT 1   [ RunTime:0.0003s ]
SQL: SELECT * FROM `ad_admin` WHERE `uid` = 0 LIMIT 1   [ RunTime:0.0003s ]
NOTIC: [8] Undefined index: id D:\wamp\www\qric\tp\Runtime\Cache\Admin\f34fa28f66bf31ce7338f9ec129e7c45.php 第 78 行.
SQL: SELECT * FROM `ad_member` WHERE `uid` = 13 LIMIT 1   [ RunTime:0.0003s ]
SQL: SELECT * FROM `ad_admin` WHERE `uid` = 0 LIMIT 1   [ RunTime:0.0003s ]
NOTIC: [8] Undefined index: id D:\wamp\www\qric\tp\Runtime\Cache\Admin\f34fa28f66bf31ce7338f9ec129e7c45.php 第 78 行.
SQL: SELECT * FROM `ad_member` WHERE `uid` = 13 LIMIT 1   [ RunTime:0.0003s ]
SQL: SELECT * FROM `ad_admin` WHERE `uid` = 0 LIMIT 1   [ RunTime:0.0003s ]
NOTIC: [8] Undefined index: id D:\wamp\www\qric\tp\Runtime\Cache\Admin\f34fa28f66bf31ce7338f9ec129e7c45.php 第 78 行.
SQL: SELECT * FROM `ad_member` WHERE `uid` = 13 LIMIT 1   [ RunTime:0.0002s ]
SQL: SELECT * FROM `ad_admin` WHERE `uid` = 0 LIMIT 1   [ RunTime:0.0002s ]
NOTIC: [8] Undefined index: id D:\wamp\www\qric\tp\Runtime\Cache\Admin\f34fa28f66bf31ce7338f9ec129e7c45.php 第 78 行.
SQL: SELECT * FROM `ad_member` WHERE `uid` = 13 LIMIT 1   [ RunTime:0.0002s ]
SQL: SELECT * FROM `ad_admin` WHERE `uid` = 0 LIMIT 1   [ RunTime:0.0003s ]
NOTIC: [8] Undefined index: id D:\wamp\www\qric\tp\Runtime\Cache\Admin\f34fa28f66bf31ce7338f9ec129e7c45.php 第 78 行.
SQL: SELECT * FROM `ad_member` WHERE `uid` = 13 LIMIT 1   [ RunTime:0.0003s ]
SQL: SELECT * FROM `ad_admin` WHERE `uid` = 0 LIMIT 1   [ RunTime:0.0003s ]
NOTIC: [8] Undefined index: id D:\wamp\www\qric\tp\Runtime\Cache\Admin\f34fa28f66bf31ce7338f9ec129e7c45.php 第 78 行.
SQL: SELECT * FROM `ad_member` WHERE `uid` = 13 LIMIT 1   [ RunTime:0.0003s ]
SQL: SELECT * FROM `ad_admin` WHERE `uid` = 0 LIMIT 1   [ RunTime:0.0003s ]
NOTIC: [8] Undefined index: id D:\wamp\www\qric\tp\Runtime\Cache\Admin\f34fa28f66bf31ce7338f9ec129e7c45.php 第 78 行.
SQL: SELECT * FROM `ad_member` WHERE `uid` = 13 LIMIT 1   [ RunTime:0.0003s ]
SQL: SELECT * FROM `ad_admin` WHERE `uid` = 0 LIMIT 1   [ RunTime:0.0002s ]
NOTIC: [8] Undefined index: id D:\wamp\www\qric\tp\Runtime\Cache\Admin\f34fa28f66bf31ce7338f9ec129e7c45.php 第 78 行.
SQL: SELECT * FROM `ad_member` WHERE `uid` = 13 LIMIT 1   [ RunTime:0.0003s ]
SQL: SELECT * FROM `ad_admin` WHERE `uid` = 0 LIMIT 1   [ RunTime:0.0002s ]
NOTIC: [8] Undefined index: id D:\wamp\www\qric\tp\Runtime\Cache\Admin\f34fa28f66bf31ce7338f9ec129e7c45.php 第 78 行.
SQL: SELECT * FROM `ad_member` WHERE `uid` = 13 LIMIT 1   [ RunTime:0.0003s ]
SQL: SELECT * FROM `ad_admin` WHERE `uid` = 0 LIMIT 1   [ RunTime:0.0002s ]
NOTIC: [8] Undefined index: id D:\wamp\www\qric\tp\Runtime\Cache\Admin\f34fa28f66bf31ce7338f9ec129e7c45.php 第 78 行.
SQL: SELECT * FROM `ad_member` WHERE `uid` = 13 LIMIT 1   [ RunTime:0.0003s ]
SQL: SELECT * FROM `ad_admin` WHERE `uid` = 0 LIMIT 1   [ RunTime:0.0002s ]
NOTIC: [8] Undefined index: id D:\wamp\www\qric\tp\Runtime\Cache\Admin\f34fa28f66bf31ce7338f9ec129e7c45.php 第 78 行.
SQL: SELECT * FROM `ad_member` WHERE `uid` = 13 LIMIT 1   [ RunTime:0.0003s ]
SQL: SELECT * FROM `ad_admin` WHERE `uid` = 0 LIMIT 1   [ RunTime:0.0003s ]
NOTIC: [8] Undefined index: id D:\wamp\www\qric\tp\Runtime\Cache\Admin\f34fa28f66bf31ce7338f9ec129e7c45.php 第 78 行.
SQL: SELECT * FROM `ad_member` WHERE `uid` = 13 LIMIT 1   [ RunTime:0.0003s ]
SQL: SELECT * FROM `ad_admin` WHERE `uid` = 0 LIMIT 1   [ RunTime:0.0003s ]
NOTIC: [8] Undefined index: id D:\wamp\www\qric\tp\Runtime\Cache\Admin\f34fa28f66bf31ce7338f9ec129e7c45.php 第 78 行.
SQL: SELECT * FROM `ad_member` WHERE `uid` = 13 LIMIT 1   [ RunTime:0.0003s ]
SQL: SELECT * FROM `ad_admin` WHERE `uid` = 0 LIMIT 1   [ RunTime:0.0002s ]
NOTIC: [8] Undefined index: id D:\wamp\www\qric\tp\Runtime\Cache\Admin\f34fa28f66bf31ce7338f9ec129e7c45.php 第 78 行.
SQL: SELECT * FROM `ad_member` WHERE `uid` = 13 LIMIT 1   [ RunTime:0.0002s ]
SQL: SELECT * FROM `ad_admin` WHERE `uid` = 0 LIMIT 1   [ RunTime:0.0002s ]
NOTIC: [8] Undefined index: id D:\wamp\www\qric\tp\Runtime\Cache\Admin\f34fa28f66bf31ce7338f9ec129e7c45.php 第 78 行.
SQL: SELECT * FROM `ad_member` WHERE `uid` = 13 LIMIT 1   [ RunTime:0.0002s ]
SQL: SELECT * FROM `ad_admin` WHERE `uid` = 0 LIMIT 1   [ RunTime:0.0003s ]
NOTIC: [8] Undefined index: id D:\wamp\www\qric\tp\Runtime\Cache\Admin\f34fa28f66bf31ce7338f9ec129e7c45.php 第 78 行.
SQL: SELECT * FROM `ad_member` WHERE `uid` = 13 LIMIT 1   [ RunTime:0.0002s ]
SQL: SELECT * FROM `ad_admin` WHERE `uid` = 0 LIMIT 1   [ RunTime:0.0002s ]
NOTIC: [8] Undefined index: id D:\wamp\www\qric\tp\Runtime\Cache\Admin\f34fa28f66bf31ce7338f9ec129e7c45.php 第 78 行.
SQL: SELECT * FROM `ad_member` WHERE `uid` = 13 LIMIT 1   [ RunTime:0.0003s ]
SQL: SELECT * FROM `ad_admin` WHERE `uid` = 0 LIMIT 1   [ RunTime:0.0002s ]
NOTIC: [8] Undefined index: id D:\wamp\www\qric\tp\Runtime\Cache\Admin\f34fa28f66bf31ce7338f9ec129e7c45.php 第 78 行.
SQL: SELECT * FROM `ad_member` WHERE `uid` = 13 LIMIT 1   [ RunTime:0.0002s ]
SQL: SELECT * FROM `ad_admin` WHERE `uid` = 0 LIMIT 1   [ RunTime:0.0002s ]
NOTIC: [8] Undefined index: id D:\wamp\www\qric\tp\Runtime\Cache\Admin\f34fa28f66bf31ce7338f9ec129e7c45.php 第 78 行.
SQL: SELECT * FROM `ad_member` WHERE `uid` = 13 LIMIT 1   [ RunTime:0.0002s ]
SQL: SELECT * FROM `ad_admin` WHERE `uid` = 0 LIMIT 1   [ RunTime:0.0002s ]
NOTIC: [8] Undefined index: id D:\wamp\www\qric\tp\Runtime\Cache\Admin\f34fa28f66bf31ce7338f9ec129e7c45.php 第 78 行.
SQL: SELECT * FROM `ad_member` WHERE `uid` = 13 LIMIT 1   [ RunTime:0.0002s ]
SQL: SELECT * FROM `ad_admin` WHERE `uid` = 0 LIMIT 1   [ RunTime:0.0002s ]
NOTIC: [8] Undefined index: id D:\wamp\www\qric\tp\Runtime\Cache\Admin\f34fa28f66bf31ce7338f9ec129e7c45.php 第 78 行.
SQL: SELECT * FROM `ad_member` WHERE `uid` = 13 LIMIT 1   [ RunTime:0.0002s ]
SQL: SELECT * FROM `ad_admin` WHERE `uid` = 0 LIMIT 1   [ RunTime:0.0002s ]
NOTIC: [8] Undefined index: id D:\wamp\www\qric\tp\Runtime\Cache\Admin\f34fa28f66bf31ce7338f9ec129e7c45.php 第 78 行.
SQL: SELECT * FROM `ad_member` WHERE `uid` = 13 LIMIT 1   [ RunTime:0.0002s ]
SQL: SELECT * FROM `ad_admin` WHERE `uid` = 0 LIMIT 1   [ RunTime:0.0002s ]
NOTIC: [8] Undefined index: id D:\wamp\www\qric\tp\Runtime\Cache\Admin\f34fa28f66bf31ce7338f9ec129e7c45.php 第 78 行.
SQL: SELECT * FROM `ad_member` WHERE `uid` = 13 LIMIT 1   [ RunTime:0.0002s ]
SQL: SELECT * FROM `ad_admin` WHERE `uid` = 0 LIMIT 1   [ RunTime:0.0002s ]
NOTIC: [8] Undefined index: id D:\wamp\www\qric\tp\Runtime\Cache\Admin\f34fa28f66bf31ce7338f9ec129e7c45.php 第 78 行.
SQL: SELECT * FROM `ad_member` WHERE `uid` = 13 LIMIT 1   [ RunTime:0.0002s ]
SQL: SELECT * FROM `ad_admin` WHERE `uid` = 0 LIMIT 1   [ RunTime:0.0002s ]
NOTIC: [8] Undefined index: id D:\wamp\www\qric\tp\Runtime\Cache\Admin\f34fa28f66bf31ce7338f9ec129e7c45.php 第 78 行.
SQL: SELECT * FROM `ad_member` WHERE `uid` = 13 LIMIT 1   [ RunTime:0.0002s ]
SQL: SELECT * FROM `ad_admin` WHERE `uid` = 0 LIMIT 1   [ RunTime:0.0002s ]
NOTIC: [8] Undefined index: id D:\wamp\www\qric\tp\Runtime\Cache\Admin\f34fa28f66bf31ce7338f9ec129e7c45.php 第 78 行.
SQL: SELECT * FROM `ad_member` WHERE `uid` = 13 LIMIT 1   [ RunTime:0.0002s ]
SQL: SELECT * FROM `ad_admin` WHERE `uid` = 0 LIMIT 1   [ RunTime:0.0002s ]
NOTIC: [8] Undefined index: id D:\wamp\www\qric\tp\Runtime\Cache\Admin\f34fa28f66bf31ce7338f9ec129e7c45.php 第 78 行.
SQL: SELECT * FROM `ad_member` WHERE `uid` = 13 LIMIT 1   [ RunTime:0.0002s ]
SQL: SELECT * FROM `ad_admin` WHERE `uid` = 0 LIMIT 1   [ RunTime:0.0002s ]
NOTIC: [8] Undefined index: id D:\wamp\www\qric\tp\Runtime\Cache\Admin\f34fa28f66bf31ce7338f9ec129e7c45.php 第 78 行.
SQL: SELECT * FROM `ad_member` WHERE `uid` = 13 LIMIT 1   [ RunTime:0.0002s ]
SQL: SELECT * FROM `ad_admin` WHERE `uid` = 0 LIMIT 1   [ RunTime:0.0002s ]
NOTIC: [8] Undefined index: id D:\wamp\www\qric\tp\Runtime\Cache\Admin\f34fa28f66bf31ce7338f9ec129e7c45.php 第 78 行.
SQL: SELECT * FROM `ad_member` WHERE `uid` = 13 LIMIT 1   [ RunTime:0.0002s ]
SQL: SELECT * FROM `ad_admin` WHERE `uid` = 0 LIMIT 1   [ RunTime:0.0002s ]
NOTIC: [8] Undefined index: id D:\wamp\www\qric\tp\Runtime\Cache\Admin\f34fa28f66bf31ce7338f9ec129e7c45.php 第 78 行.
SQL: SELECT * FROM `ad_member` WHERE `uid` = 13 LIMIT 1   [ RunTime:0.0002s ]
SQL: SELECT * FROM `ad_admin` WHERE `uid` = 0 LIMIT 1   [ RunTime:0.0002s ]
NOTIC: [8] Undefined index: id D:\wamp\www\qric\tp\Runtime\Cache\Admin\f34fa28f66bf31ce7338f9ec129e7c45.php 第 78 行.
SQL: SELECT * FROM `ad_member` WHERE `uid` = 13 LIMIT 1   [ RunTime:0.0003s ]
SQL: SELECT * FROM `ad_admin` WHERE `uid` = 0 LIMIT 1   [ RunTime:0.0002s ]
NOTIC: [8] Undefined index: id D:\wamp\www\qric\tp\Runtime\Cache\Admin\f34fa28f66bf31ce7338f9ec129e7c45.php 第 78 行.
SQL: SELECT * FROM `ad_member` WHERE `uid` = 13 LIMIT 1   [ RunTime:0.0002s ]
SQL: SELECT * FROM `ad_admin` WHERE `uid` = 0 LIMIT 1   [ RunTime:0.0002s ]
NOTIC: [8] Undefined index: id D:\wamp\www\qric\tp\Runtime\Cache\Admin\f34fa28f66bf31ce7338f9ec129e7c45.php 第 78 行.
SQL: SELECT * FROM `ad_member` WHERE `uid` = 13 LIMIT 1   [ RunTime:0.0002s ]
SQL: SELECT * FROM `ad_admin` WHERE `uid` = 0 LIMIT 1   [ RunTime:0.0002s ]
NOTIC: [8] Undefined index: id D:\wamp\www\qric\tp\Runtime\Cache\Admin\f34fa28f66bf31ce7338f9ec129e7c45.php 第 78 行.
SQL: SELECT * FROM `ad_member` WHERE `uid` = 13 LIMIT 1   [ RunTime:0.0002s ]
SQL: SELECT * FROM `ad_admin` WHERE `uid` = 0 LIMIT 1   [ RunTime:0.0002s ]
NOTIC: [8] Undefined index: id D:\wamp\www\qric\tp\Runtime\Cache\Admin\f34fa28f66bf31ce7338f9ec129e7c45.php 第 78 行.
SQL: SELECT * FROM `ad_member` WHERE `uid` = 13 LIMIT 1   [ RunTime:0.0002s ]
SQL: SELECT * FROM `ad_admin` WHERE `uid` = 0 LIMIT 1   [ RunTime:0.0002s ]
NOTIC: [8] Undefined index: id D:\wamp\www\qric\tp\Runtime\Cache\Admin\f34fa28f66bf31ce7338f9ec129e7c45.php 第 78 行.
SQL: SELECT * FROM `ad_member` WHERE `uid` = 13 LIMIT 1   [ RunTime:0.0002s ]
SQL: SELECT * FROM `ad_admin` WHERE `uid` = 0 LIMIT 1   [ RunTime:0.0002s ]
NOTIC: [8] Undefined index: id D:\wamp\www\qric\tp\Runtime\Cache\Admin\f34fa28f66bf31ce7338f9ec129e7c45.php 第 78 行.
SQL: SELECT * FROM `ad_member` WHERE `uid` = 13 LIMIT 1   [ RunTime:0.0002s ]
SQL: SELECT * FROM `ad_admin` WHERE `uid` = 0 LIMIT 1   [ RunTime:0.0002s ]
NOTIC: [8] Undefined index: id D:\wamp\www\qric\tp\Runtime\Cache\Admin\f34fa28f66bf31ce7338f9ec129e7c45.php 第 78 行.
SQL: SELECT * FROM `ad_member` WHERE `uid` = 13 LIMIT 1   [ RunTime:0.0002s ]
SQL: SELECT * FROM `ad_admin` WHERE `uid` = 0 LIMIT 1   [ RunTime:0.0002s ]
NOTIC: [8] Undefined index: id D:\wamp\www\qric\tp\Runtime\Cache\Admin\f34fa28f66bf31ce7338f9ec129e7c45.php 第 78 行.
SQL: SELECT * FROM `ad_member` WHERE `uid` = 13 LIMIT 1   [ RunTime:0.0003s ]
SQL: SELECT * FROM `ad_admin` WHERE `uid` = 0 LIMIT 1   [ RunTime:0.0002s ]
NOTIC: [8] Undefined index: id D:\wamp\www\qric\tp\Runtime\Cache\Admin\f34fa28f66bf31ce7338f9ec129e7c45.php 第 78 行.
SQL: SELECT * FROM `ad_member` WHERE `uid` = 13 LIMIT 1   [ RunTime:0.0002s ]
SQL: SELECT * FROM `ad_admin` WHERE `uid` = 0 LIMIT 1   [ RunTime:0.0002s ]
NOTIC: [8] Undefined index: id D:\wamp\www\qric\tp\Runtime\Cache\Admin\f34fa28f66bf31ce7338f9ec129e7c45.php 第 78 行.
SQL: SELECT * FROM `ad_member` WHERE `uid` = 13 LIMIT 1   [ RunTime:0.0002s ]
SQL: SELECT * FROM `ad_admin` WHERE `uid` = 0 LIMIT 1   [ RunTime:0.0003s ]
NOTIC: [8] Undefined index: id D:\wamp\www\qric\tp\Runtime\Cache\Admin\f34fa28f66bf31ce7338f9ec129e7c45.php 第 78 行.
SQL: SELECT * FROM `ad_member` WHERE `uid` = 13 LIMIT 1   [ RunTime:0.0003s ]
SQL: SELECT * FROM `ad_admin` WHERE `uid` = 0 LIMIT 1   [ RunTime:0.0003s ]
NOTIC: [8] Undefined index: id D:\wamp\www\qric\tp\Runtime\Cache\Admin\f34fa28f66bf31ce7338f9ec129e7c45.php 第 78 行.
SQL: SELECT * FROM `ad_member` WHERE `uid` = 1 LIMIT 1   [ RunTime:0.0003s ]
SQL: SELECT * FROM `ad_admin` WHERE `uid` = 0 LIMIT 1   [ RunTime:0.0003s ]
NOTIC: [8] Undefined index: id D:\wamp\www\qric\tp\Runtime\Cache\Admin\f34fa28f66bf31ce7338f9ec129e7c45.php 第 78 行.
SQL: SELECT * FROM `ad_member` WHERE `uid` = 13 LIMIT 1   [ RunTime:0.0002s ]
SQL: SELECT * FROM `ad_admin` WHERE `uid` = 0 LIMIT 1   [ RunTime:0.0002s ]
NOTIC: [8] Undefined index: id D:\wamp\www\qric\tp\Runtime\Cache\Admin\f34fa28f66bf31ce7338f9ec129e7c45.php 第 78 行.
SQL: SELECT * FROM `ad_member` WHERE `uid` = 13 LIMIT 1   [ RunTime:0.0002s ]
SQL: SELECT * FROM `ad_admin` WHERE `uid` = 0 LIMIT 1   [ RunTime:0.0002s ]
NOTIC: [8] Undefined index: id D:\wamp\www\qric\tp\Runtime\Cache\Admin\f34fa28f66bf31ce7338f9ec129e7c45.php 第 78 行.
SQL: SELECT * FROM `ad_member` WHERE `uid` = 13 LIMIT 1   [ RunTime:0.0002s ]
SQL: SELECT * FROM `ad_admin` WHERE `uid` = 0 LIMIT 1   [ RunTime:0.0002s ]
NOTIC: [8] Undefined index: id D:\wamp\www\qric\tp\Runtime\Cache\Admin\f34fa28f66bf31ce7338f9ec129e7c45.php 第 78 行.
SQL: SELECT * FROM `ad_member` WHERE `uid` = 12 LIMIT 1   [ RunTime:0.0002s ]
SQL: SELECT * FROM `ad_admin` WHERE `uid` = 0 LIMIT 1   [ RunTime:0.0003s ]
NOTIC: [8] Undefined index: id D:\wamp\www\qric\tp\Runtime\Cache\Admin\f34fa28f66bf31ce7338f9ec129e7c45.php 第 78 行.
SQL: SELECT * FROM `ad_member` WHERE `uid` = 12 LIMIT 1   [ RunTime:0.0003s ]
SQL: SELECT * FROM `ad_admin` WHERE `uid` = 0 LIMIT 1   [ RunTime:0.0002s ]
NOTIC: [8] Undefined index: id D:\wamp\www\qric\tp\Runtime\Cache\Admin\f34fa28f66bf31ce7338f9ec129e7c45.php 第 78 行.
SQL: SELECT * FROM `ad_member` WHERE `uid` = 1 LIMIT 1   [ RunTime:0.0002s ]
SQL: SELECT * FROM `ad_admin` WHERE `uid` = 0 LIMIT 1   [ RunTime:0.0002s ]
NOTIC: [8] Undefined index: id D:\wamp\www\qric\tp\Runtime\Cache\Admin\f34fa28f66bf31ce7338f9ec129e7c45.php 第 78 行.
SQL: SELECT * FROM `ad_member` WHERE `uid` = 1 LIMIT 1   [ RunTime:0.0003s ]
SQL: SELECT * FROM `ad_admin` WHERE `uid` = 3 LIMIT 1   [ RunTime:0.0002s ]
NOTIC: [8] Undefined index: id D:\wamp\www\qric\tp\Runtime\Cache\Admin\f34fa28f66bf31ce7338f9ec129e7c45.php 第 78 行.
SQL: SELECT * FROM `ad_member` WHERE `uid` = 1 LIMIT 1   [ RunTime:0.0002s ]
SQL: SELECT * FROM `ad_admin` WHERE `uid` = 0 LIMIT 1   [ RunTime:0.0002s ]
NOTIC: [8] Undefined index: id D:\wamp\www\qric\tp\Runtime\Cache\Admin\f34fa28f66bf31ce7338f9ec129e7c45.php 第 78 行.
SQL: SELECT * FROM `ad_member` WHERE `uid` = 11 LIMIT 1   [ RunTime:0.0003s ]
SQL: SELECT * FROM `ad_admin` WHERE `uid` = 0 LIMIT 1   [ RunTime:0.0003s ]
NOTIC: [8] Undefined index: id D:\wamp\www\qric\tp\Runtime\Cache\Admin\f34fa28f66bf31ce7338f9ec129e7c45.php 第 78 行.
SQL: SELECT * FROM `ad_member` WHERE `uid` = 11 LIMIT 1   [ RunTime:0.0002s ]
SQL: SELECT * FROM `ad_admin` WHERE `uid` = 0 LIMIT 1   [ RunTime:0.0003s ]
NOTIC: [8] Undefined index: id D:\wamp\www\qric\tp\Runtime\Cache\Admin\f34fa28f66bf31ce7338f9ec129e7c45.php 第 78 行.
SQL: SELECT * FROM `ad_member` WHERE `uid` = 1 LIMIT 1   [ RunTime:0.0002s ]
SQL: SELECT * FROM `ad_admin` WHERE `uid` = 0 LIMIT 1   [ RunTime:0.0002s ]
NOTIC: [8] Undefined index: id D:\wamp\www\qric\tp\Runtime\Cache\Admin\f34fa28f66bf31ce7338f9ec129e7c45.php 第 78 行.
SQL: SELECT * FROM `ad_member` WHERE `uid` = 1 LIMIT 1   [ RunTime:0.0002s ]
SQL: SELECT * FROM `ad_admin` WHERE `uid` = 1 LIMIT 1   [ RunTime:0.0003s ]
NOTIC: [8] Undefined index: id D:\wamp\www\qric\tp\Runtime\Cache\Admin\f34fa28f66bf31ce7338f9ec129e7c45.php 第 78 行.
SQL: SELECT * FROM `ad_member` WHERE `uid` = 1 LIMIT 1   [ RunTime:0.0002s ]
SQL: SELECT * FROM `ad_admin` WHERE `uid` = null LIMIT 1   [ RunTime:0.0002s ]
NOTIC: [8] Undefined index: id D:\wamp\www\qric\tp\Runtime\Cache\Admin\f34fa28f66bf31ce7338f9ec129e7c45.php 第 78 行.
SQL: SELECT * FROM `ad_member` WHERE `uid` = 1 LIMIT 1   [ RunTime:0.0002s ]
SQL: SELECT * FROM `ad_admin` WHERE `uid` = 1 LIMIT 1   [ RunTime:0.0002s ]
NOTIC: [8] Undefined index: id D:\wamp\www\qric\tp\Runtime\Cache\Admin\f34fa28f66bf31ce7338f9ec129e7c45.php 第 78 行.
SQL: SELECT * FROM `ad_member` WHERE `uid` = 1 LIMIT 1   [ RunTime:0.0002s ]
SQL: SELECT * FROM `ad_admin` WHERE `uid` = null LIMIT 1   [ RunTime:0.0002s ]
NOTIC: [8] Undefined index: id D:\wamp\www\qric\tp\Runtime\Cache\Admin\f34fa28f66bf31ce7338f9ec129e7c45.php 第 78 行.
SQL: SELECT * FROM `ad_member` WHERE `uid` = 1 LIMIT 1   [ RunTime:0.0002s ]
SQL: SELECT * FROM `ad_admin` WHERE `uid` = 1 LIMIT 1   [ RunTime:0.0002s ]
NOTIC: [8] Undefined index: id D:\wamp\www\qric\tp\Runtime\Cache\Admin\f34fa28f66bf31ce7338f9ec129e7c45.php 第 78 行.
SQL: SELECT * FROM `ad_member` WHERE `uid` = 1 LIMIT 1   [ RunTime:0.0002s ]
SQL: SELECT * FROM `ad_admin` WHERE `uid` = null LIMIT 1   [ RunTime:0.0002s ]
NOTIC: [8] Undefined index: id D:\wamp\www\qric\tp\Runtime\Cache\Admin\f34fa28f66bf31ce7338f9ec129e7c45.php 第 78 行.
SQL: SELECT * FROM `ad_member` WHERE `uid` = 1 LIMIT 1   [ RunTime:0.0002s ]
SQL: SELECT * FROM `ad_admin` WHERE `uid` = 1 LIMIT 1   [ RunTime:0.0002s ]
NOTIC: [8] Undefined index: id D:\wamp\www\qric\tp\Runtime\Cache\Admin\f34fa28f66bf31ce7338f9ec129e7c45.php 第 78 行.
SQL: SELECT * FROM `ad_member` WHERE `uid` = 1 LIMIT 1   [ RunTime:0.0002s ]
SQL: SELECT * FROM `ad_admin` WHERE `uid` = null LIMIT 1   [ RunTime:0.0002s ]
NOTIC: [8] Undefined index: id D:\wamp\www\qric\tp\Runtime\Cache\Admin\f34fa28f66bf31ce7338f9ec129e7c45.php 第 78 行.
SQL: SELECT * FROM `ad_member` WHERE `uid` = 1 LIMIT 1   [ RunTime:0.0002s ]
SQL: SELECT * FROM `ad_admin` WHERE `uid` = 1 LIMIT 1   [ RunTime:0.0002s ]
NOTIC: [8] Undefined index: id D:\wamp\www\qric\tp\Runtime\Cache\Admin\f34fa28f66bf31ce7338f9ec129e7c45.php 第 78 行.
SQL: SELECT * FROM `ad_member` WHERE `uid` = 1 LIMIT 1   [ RunTime:0.0002s ]
SQL: SELECT * FROM `ad_admin` WHERE `uid` = null LIMIT 1   [ RunTime:0.0002s ]
NOTIC: [8] Undefined index: id D:\wamp\www\qric\tp\Runtime\Cache\Admin\f34fa28f66bf31ce7338f9ec129e7c45.php 第 78 行.
SQL: SELECT * FROM `ad_member` WHERE `uid` = 1 LIMIT 1   [ RunTime:0.0002s ]
SQL: SELECT * FROM `ad_admin` WHERE `uid` = null LIMIT 1   [ RunTime:0.0002s ]
NOTIC: [8] Undefined index: id D:\wamp\www\qric\tp\Runtime\Cache\Admin\f34fa28f66bf31ce7338f9ec129e7c45.php 第 78 行.
SQL: SELECT * FROM `ad_member` WHERE `uid` = 1 LIMIT 1   [ RunTime:0.0003s ]
SQL: SELECT * FROM `ad_admin` WHERE `uid` = null LIMIT 1   [ RunTime:0.0002s ]
NOTIC: [8] Undefined index: id D:\wamp\www\qric\tp\Runtime\Cache\Admin\f34fa28f66bf31ce7338f9ec129e7c45.php 第 78 行.
SQL: SELECT * FROM `ad_member` WHERE `uid` = 1 LIMIT 1   [ RunTime:0.0002s ]
SQL: SELECT * FROM `ad_admin` WHERE `uid` = null LIMIT 1   [ RunTime:0.0002s ]
NOTIC: [8] Undefined index: id D:\wamp\www\qric\tp\Runtime\Cache\Admin\f34fa28f66bf31ce7338f9ec129e7c45.php 第 78 行.
SQL: SELECT * FROM `ad_member` WHERE `uid` = 1 LIMIT 1   [ RunTime:0.0002s ]
SQL: SELECT * FROM `ad_admin` WHERE `uid` = null LIMIT 1   [ RunTime:0.0002s ]
NOTIC: [8] Undefined index: id D:\wamp\www\qric\tp\Runtime\Cache\Admin\f34fa28f66bf31ce7338f9ec129e7c45.php 第 78 行.
SQL: SELECT * FROM `ad_member` WHERE `uid` = 1 LIMIT 1   [ RunTime:0.0002s ]
SQL: SELECT * FROM `ad_admin` WHERE `uid` = null LIMIT 1   [ RunTime:0.0002s ]
NOTIC: [8] Undefined index: id D:\wamp\www\qric\tp\Runtime\Cache\Admin\f34fa28f66bf31ce7338f9ec129e7c45.php 第 78 行.
SQL: SELECT * FROM `ad_member` WHERE `uid` = 1 LIMIT 1   [ RunTime:0.0002s ]
SQL: SELECT * FROM `ad_admin` WHERE `uid` = null LIMIT 1   [ RunTime:0.0002s ]
NOTIC: [8] Undefined index: id D:\wamp\www\qric\tp\Runtime\Cache\Admin\f34fa28f66bf31ce7338f9ec129e7c45.php 第 78 行.
SQL: SELECT * FROM `ad_member` WHERE `uid` = 1 LIMIT 1   [ RunTime:0.0002s ]
SQL: SELECT * FROM `ad_admin` WHERE `uid` = null LIMIT 1   [ RunTime:0.0002s ]
NOTIC: [8] Undefined index: id D:\wamp\www\qric\tp\Runtime\Cache\Admin\f34fa28f66bf31ce7338f9ec129e7c45.php 第 78 行.
SQL: SELECT * FROM `ad_member` WHERE `uid` = 1 LIMIT 1   [ RunTime:0.0002s ]
SQL: SELECT * FROM `ad_admin` WHERE `uid` = null LIMIT 1   [ RunTime:0.0002s ]
NOTIC: [8] Undefined index: id D:\wamp\www\qric\tp\Runtime\Cache\Admin\f34fa28f66bf31ce7338f9ec129e7c45.php 第 78 行.
SQL: SELECT * FROM `ad_member` WHERE `uid` = 1 LIMIT 1   [ RunTime:0.0002s ]
SQL: SELECT * FROM `ad_admin` WHERE `uid` = null LIMIT 1   [ RunTime:0.0002s ]
NOTIC: [8] Undefined index: id D:\wamp\www\qric\tp\Runtime\Cache\Admin\f34fa28f66bf31ce7338f9ec129e7c45.php 第 78 行.
SQL: SELECT * FROM `ad_member` WHERE `uid` = 1 LIMIT 1   [ RunTime:0.0002s ]
SQL: SELECT * FROM `ad_admin` WHERE `uid` = null LIMIT 1   [ RunTime:0.0002s ]
NOTIC: [8] Undefined index: id D:\wamp\www\qric\tp\Runtime\Cache\Admin\f34fa28f66bf31ce7338f9ec129e7c45.php 第 78 行.
SQL: SELECT * FROM `ad_member` WHERE `uid` = 1 LIMIT 1   [ RunTime:0.0002s ]
SQL: SELECT * FROM `ad_admin` WHERE `uid` = null LIMIT 1   [ RunTime:0.0002s ]
INFO: Run Behavior\ParseTemplateBehavior [ RunTime:0.161460s ]
INFO: [ view_parse ] --END-- [ RunTime:0.161624s ]
INFO: [ view_filter ] --START--
INFO: Run Behavior\WriteHtmlCacheBehavior [ RunTime:0.000509s ]
INFO: [ view_filter ] --END-- [ RunTime:0.000643s ]
INFO: [ app_end ] --START--
INFO: Run Behavior\ShowPageTraceBehavior [ RunTime:0.000616s ]
INFO: [ app_end ] --END-- [ RunTime:0.000755s ]

[ 2016-06-30T10:39:26+08:00 ] 127.0.0.1 /admin.php?s=MemberField/lists
INFO: [ app_init ] --START--
INFO: Run Behavior\BuildLiteBehavior [ RunTime:0.000033s ]
INFO: [ app_init ] --END-- [ RunTime:0.000519s ]
INFO: [ app_begin ] --START--
INFO: Run Behavior\ReadHtmlCacheBehavior [ RunTime:0.000515s ]
INFO: [ app_begin ] --END-- [ RunTime:0.000671s ]
NOTIC: [2048] Declaration of Admin\Controller\MemberFieldController::lists() should be compatible with Admin\Controller\AdminController::lists($model, $where = Array, $order = '', $field = true) D:\wamp\www\qric\tp\Yunwan\Admin\Controller\MemberFieldController.class.php 第 15 行.
SQL: SHOW COLUMNS FROM `ad_admin` [ RunTime:0.0030s ]
SQL: SELECT `quicklink` FROM `ad_admin` WHERE `uid` = 1 LIMIT 1   [ RunTime:0.0003s ]
SQL: SHOW COLUMNS FROM `ad_menu` [ RunTime:0.0037s ]
SQL: SELECT `id`,`title`,`url`,`icon` FROM `ad_menu` WHERE `pid` = 0 AND `hide` = 1 ORDER BY sort asc  [ RunTime:0.0003s ]
SQL: SELECT DISTINCT  `group` FROM `ad_menu` WHERE `group` <> '' AND `pid` = 2  [ RunTime:0.0004s ]
SQL: SELECT `id`,`url` FROM `ad_menu` WHERE `pid` = 2 AND `hide` = 1  [ RunTime:0.0002s ]
SQL: SELECT `id`,`pid`,`title`,`url`,`icon` FROM `ad_menu` WHERE `group` = '设置' AND `pid` = 2 AND `hide` = 1 ORDER BY sort asc  [ RunTime:0.0003s ]
SQL: SELECT DISTINCT  `group` FROM `ad_menu` WHERE `group` <> '' AND `pid` = 30  [ RunTime:0.0004s ]
SQL: SELECT `id`,`url` FROM `ad_menu` WHERE `pid` = 30 AND `hide` = 1  [ RunTime:0.0004s ]
SQL: SELECT `id`,`pid`,`title`,`url`,`icon` FROM `ad_menu` WHERE `group` = '设置' AND `pid` = 30 AND `hide` = 1 ORDER BY sort asc  [ RunTime:0.0003s ]
SQL: SELECT `id`,`pid`,`title`,`url`,`icon` FROM `ad_menu` WHERE `group` = '会员' AND `pid` = 30 AND `hide` = 1 ORDER BY sort asc  [ RunTime:0.0003s ]
SQL: SELECT DISTINCT  `group` FROM `ad_menu` WHERE `group` <> '' AND `pid` = 120  [ RunTime:0.0004s ]
SQL: SELECT `id`,`url` FROM `ad_menu` WHERE `pid` = 120 AND `hide` = 1  [ RunTime:0.0003s ]
SQL: SELECT `id`,`pid`,`title`,`url`,`icon` FROM `ad_menu` WHERE `group` = '产品' AND `pid` = 120 AND `hide` = 1 ORDER BY sort asc  [ RunTime:0.0003s ]
SQL: SELECT DISTINCT  `group` FROM `ad_menu` WHERE `group` <> '' AND `pid` = 75  [ RunTime:0.0003s ]
SQL: SELECT `id`,`url` FROM `ad_menu` WHERE `pid` = 75 AND `hide` = 1  [ RunTime:0.0002s ]
SQL: SELECT `id`,`pid`,`title`,`url`,`icon` FROM `ad_menu` WHERE `group` = '扩展' AND `pid` = 75 AND `hide` = 1 ORDER BY sort asc  [ RunTime:0.0003s ]
SQL: SHOW COLUMNS FROM `ad_field` [ RunTime:0.0052s ]
SQL: SELECT `id`,`field` FROM `ad_field`  [ RunTime:0.0003s ]
SQL: SELECT `id`,`tablename`,`field`,`name`,`description`,`formtype`,`must`,`hide`,`status`,`sort`,`type`,`page` FROM `ad_field` WHERE `tablename` IN ('member','member_common') ORDER BY sort asc,id asc  [ RunTime:0.0187s ]
INFO: [ view_parse ] --START--
INFO: [ template_filter ] --START--
INFO: Run Behavior\ContentReplaceBehavior [ RunTime:0.000131s ]
INFO: [ template_filter ] --END-- [ RunTime:0.000262s ]
INFO: Run Behavior\ParseTemplateBehavior [ RunTime:0.014543s ]
INFO: [ view_parse ] --END-- [ RunTime:0.014681s ]
INFO: [ view_filter ] --START--
INFO: Run Behavior\WriteHtmlCacheBehavior [ RunTime:0.000346s ]
INFO: [ view_filter ] --END-- [ RunTime:0.000471s ]
INFO: [ app_end ] --START--
INFO: Run Behavior\ShowPageTraceBehavior [ RunTime:0.000549s ]
INFO: [ app_end ] --END-- [ RunTime:0.000674s ]

[ 2016-06-30T10:39:26+08:00 ] 127.0.0.1 /admin.php?s=Nav/lists
INFO: [ app_init ] --START--
INFO: Run Behavior\BuildLiteBehavior [ RunTime:0.000029s ]
INFO: [ app_init ] --END-- [ RunTime:0.000495s ]
INFO: [ app_begin ] --START--
INFO: Run Behavior\ReadHtmlCacheBehavior [ RunTime:0.000514s ]
INFO: [ app_begin ] --END-- [ RunTime:0.000649s ]
NOTIC: [2048] Declaration of Admin\Controller\NavController::lists() should be compatible with Admin\Controller\AdminController::lists($model, $where = Array, $order = '', $field = true) D:\wamp\www\qric\tp\Yunwan\Admin\Controller\NavController.class.php 第 14 行.
SQL: SHOW COLUMNS FROM `ad_admin` [ RunTime:0.0032s ]
SQL: SELECT `quicklink` FROM `ad_admin` WHERE `uid` = 1 LIMIT 1   [ RunTime:0.0003s ]
SQL: SHOW COLUMNS FROM `ad_nav` [ RunTime:0.0029s ]
NOTIC: [8] Undefined variable: where D:\wamp\www\qric\tp\Yunwan\Admin\Controller\NavController.class.php 第 19 行.
SQL: SELECT * FROM `ad_nav` ORDER BY sort asc  [ RunTime:0.0003s ]
INFO: [ view_parse ] --START--
INFO: [ template_filter ] --START--
INFO: Run Behavior\ContentReplaceBehavior [ RunTime:0.000125s ]
INFO: [ template_filter ] --END-- [ RunTime:0.000260s ]
NOTIC: [8] Undefined variable: data D:\wamp\www\qric\tp\Runtime\Cache\Admin\0a476f22e9e32b26aedff89a65b5f83d.php 第 39 行.
NOTIC: [8] Undefined variable: data D:\wamp\www\qric\tp\Runtime\Cache\Admin\0a476f22e9e32b26aedff89a65b5f83d.php 第 41 行.
NOTIC: [8] Undefined variable: data D:\wamp\www\qric\tp\Runtime\Cache\Admin\0a476f22e9e32b26aedff89a65b5f83d.php 第 109 行.
INFO: Run Behavior\ParseTemplateBehavior [ RunTime:0.011414s ]
INFO: [ view_parse ] --END-- [ RunTime:0.011549s ]
INFO: [ view_filter ] --START--
INFO: Run Behavior\WriteHtmlCacheBehavior [ RunTime:0.000373s ]
INFO: [ view_filter ] --END-- [ RunTime:0.000486s ]
INFO: [ app_end ] --START--
INFO: Run Behavior\ShowPageTraceBehavior [ RunTime:0.000534s ]
INFO: [ app_end ] --END-- [ RunTime:0.000655s ]

[ 2016-06-30T10:39:28+08:00 ] 127.0.0.1 /admin.php?s=Product/lists
INFO: [ app_init ] --START--
INFO: Run Behavior\BuildLiteBehavior [ RunTime:0.000029s ]
INFO: [ app_init ] --END-- [ RunTime:0.000462s ]
INFO: [ app_begin ] --START--
INFO: Run Behavior\ReadHtmlCacheBehavior [ RunTime:0.000475s ]
INFO: [ app_begin ] --END-- [ RunTime:0.000604s ]
INFO: [ view_parse ] --START--
INFO: [ template_filter ] --START--
INFO: Run Behavior\ContentReplaceBehavior [ RunTime:0.000086s ]
INFO: [ template_filter ] --END-- [ RunTime:0.000218s ]
INFO: Run Behavior\ParseTemplateBehavior [ RunTime:0.006022s ]
INFO: [ view_parse ] --END-- [ RunTime:0.006155s ]
INFO: [ view_filter ] --START--
INFO: Run Behavior\WriteHtmlCacheBehavior [ RunTime:0.000381s ]
INFO: [ view_filter ] --END-- [ RunTime:0.000503s ]
INFO: [ app_end ] --START--
INFO: Run Behavior\ShowPageTraceBehavior [ RunTime:0.000561s ]
INFO: [ app_end ] --END-- [ RunTime:0.000683s ]

[ 2016-06-30T10:39:29+08:00 ] 127.0.0.1 /admin.php?s=Qcode/lists
INFO: [ app_init ] --START--
INFO: Run Behavior\BuildLiteBehavior [ RunTime:0.000029s ]
INFO: [ app_init ] --END-- [ RunTime:0.000549s ]
INFO: [ app_begin ] --START--
INFO: Run Behavior\ReadHtmlCacheBehavior [ RunTime:0.000515s ]
INFO: [ app_begin ] --END-- [ RunTime:0.000660s ]
NOTIC: [2048] Declaration of Admin\Controller\QcodeController::lists() should be compatible with Admin\Controller\AdminController::lists($model, $where = Array, $order = '', $field = true) D:\wamp\www\qric\tp\Yunwan\Admin\Controller\QcodeController.class.php 第 14 行.
SQL: SHOW COLUMNS FROM `ad_admin` [ RunTime:0.0029s ]
SQL: SELECT `quicklink` FROM `ad_admin` WHERE `uid` = 1 LIMIT 1   [ RunTime:0.0002s ]
SQL: SHOW COLUMNS FROM `ad_links` [ RunTime:0.0031s ]
NOTIC: [8] Undefined variable: data D:\wamp\www\qric\tp\Yunwan\Admin\Controller\QcodeController.class.php 第 24 行.
SQL: SELECT * FROM `ad_links`  [ RunTime:0.0002s ]
INFO: [ view_parse ] --START--
INFO: [ template_filter ] --START--
INFO: Run Behavior\ContentReplaceBehavior [ RunTime:0.000130s ]
INFO: [ template_filter ] --END-- [ RunTime:0.000264s ]
NOTIC: [8] Undefined variable: data D:\wamp\www\qric\tp\Runtime\Cache\Admin\b5ab7f0a95d40fe6c2417d5fb1495440.php 第 39 行.
NOTIC: [8] Undefined variable: data D:\wamp\www\qric\tp\Runtime\Cache\Admin\b5ab7f0a95d40fe6c2417d5fb1495440.php 第 41 行.
INFO: Run Behavior\ParseTemplateBehavior [ RunTime:0.012617s ]
INFO: [ view_parse ] --END-- [ RunTime:0.012756s ]
INFO: [ view_filter ] --START--
INFO: Run Behavior\WriteHtmlCacheBehavior [ RunTime:0.000355s ]
INFO: [ view_filter ] --END-- [ RunTime:0.000472s ]
INFO: [ app_end ] --START--
INFO: Run Behavior\ShowPageTraceBehavior [ RunTime:0.000528s ]
INFO: [ app_end ] --END-- [ RunTime:0.000659s ]

[ 2016-06-30T10:39:30+08:00 ] 127.0.0.1 /admin.php?s=Category/lists
INFO: [ app_init ] --START--
INFO: Run Behavior\BuildLiteBehavior [ RunTime:0.000028s ]
INFO: [ app_init ] --END-- [ RunTime:0.000538s ]
INFO: [ app_begin ] --START--
INFO: Run Behavior\ReadHtmlCacheBehavior [ RunTime:0.000487s ]
INFO: [ app_begin ] --END-- [ RunTime:0.000616s ]
NOTIC: [2048] Declaration of Admin\Controller\CategoryController::lists() should be compatible with Admin\Controller\AdminController::lists($model, $where = Array, $order = '', $field = true) D:\wamp\www\qric\tp\Yunwan\Admin\Controller\CategoryController.class.php 第 14 行.
SQL: SHOW COLUMNS FROM `ad_admin` [ RunTime:0.0030s ]
SQL: SELECT `quicklink` FROM `ad_admin` WHERE `uid` = 1 LIMIT 1   [ RunTime:0.0003s ]
SQL: SHOW COLUMNS FROM `ad_links` [ RunTime:0.0027s ]
NOTIC: [8] Undefined variable: data D:\wamp\www\qric\tp\Yunwan\Admin\Controller\CategoryController.class.php 第 24 行.
SQL: SELECT * FROM `ad_links`  [ RunTime:0.0003s ]
INFO: [ view_parse ] --START--
INFO: [ template_filter ] --START--
INFO: Run Behavior\ContentReplaceBehavior [ RunTime:0.000136s ]
INFO: [ template_filter ] --END-- [ RunTime:0.000271s ]
NOTIC: [8] Undefined variable: data D:\wamp\www\qric\tp\Runtime\Cache\Admin\11783f4d58bdf3cb20df94d0aab0e010.php 第 39 行.
NOTIC: [8] Undefined variable: data D:\wamp\www\qric\tp\Runtime\Cache\Admin\11783f4d58bdf3cb20df94d0aab0e010.php 第 41 行.
INFO: Run Behavior\ParseTemplateBehavior [ RunTime:0.011621s ]
INFO: [ view_parse ] --END-- [ RunTime:0.011762s ]
INFO: [ view_filter ] --START--
INFO: Run Behavior\WriteHtmlCacheBehavior [ RunTime:0.000392s ]
INFO: [ view_filter ] --END-- [ RunTime:0.000515s ]
INFO: [ app_end ] --START--
INFO: Run Behavior\ShowPageTraceBehavior [ RunTime:0.000506s ]
INFO: [ app_end ] --END-- [ RunTime:0.000630s ]

